number,value,datetime_start,datetime_complete,duration,params_colsample_bytree,params_gamma,params_learning_rate,params_max_depth,params_min_child_weight,params_n_estimators,params_reg_alpha,params_reg_lambda,params_subsample,state
93,0.8254970208433596,2026-04-12 23:11:02.850019,2026-04-12 23:11:03.080182,0 days 00:00:00.230163,0.9682813088083622,0.7165566249728818,0.06122750299541978,4,6,738,1.17383211319809,1.3936485924192656,0.7197634301438005,COMPLETE
94,0.8252317577971546,2026-04-12 23:11:03.080182,2026-04-12 23:11:03.316858,0 days 00:00:00.236676,0.9389763182235789,0.709428711713178,0.07654801991073744,4,6,759,1.1759073041115495,1.4007232720557878,0.7254535215269792,COMPLETE
95,0.8283874406789723,2026-04-12 23:11:03.316858,2026-04-12 23:11:03.569363,0 days 00:00:00.252505,0.980252686124429,0.7764103341134703,0.0617947774626253,4,7,709,1.09985823907026,1.2584826246571694,0.74966176131108,COMPLETE
96,0.8236269163676143,2026-04-12 23:11:03.569363,2026-04-12 23:11:03.712439,0 days 00:00:00.143076,0.9694836470912003,0.7745318305734128,0.051663708956753415,4,7,705,1.0912788861078928,1.2647468624792622,0.7761740838682191,COMPLETE
97,0.82660638879731,2026-04-12 23:11:03.712439,2026-04-12 23:11:03.953177,0 days 00:00:00.240738,0.9892400942374941,0.7232370984277684,0.0590841453382079,4,8,814,1.3194469299214946,1.583354780679446,0.7522027351037716,COMPLETE
98,0.8210627069209655,2026-04-12 23:11:03.953177,2026-04-12 23:11:04.132491,0 days 00:00:00.179314,0.9888021083177315,0.7908739873492883,0.08229733615763558,4,10,818,1.313988766775488,1.5956771081705117,0.7572730305699189,COMPLETE
99,0.826402073093864,2026-04-12 23:11:04.132491,2026-04-12 23:11:04.461355,0 days 00:00:00.328864,0.9173443063478377,0.8182566636117423,0.052846285810173706,4,9,852,1.2220462227699564,1.7485136323362693,0.7451385290124177,COMPLETE
