number,value,datetime_start,datetime_complete,duration,params_colsample_bytree,params_gamma,params_learning_rate,params_max_depth,params_min_child_weight,params_n_estimators,params_reg_alpha,params_reg_lambda,params_subsample,state
93,0.824296600850902,2026-04-12 23:15:45.828936,2026-04-12 23:15:46.972732,0 days 00:00:01.143796,0.5144286739393993,0.49810183336109587,0.05116893498134126,3,28,702,1.4309605544971264,1.4409130103773808,0.5680662191480316,COMPLETE
94,0.8218185191074363,2026-04-12 23:15:46.972732,2026-04-12 23:15:48.205963,0 days 00:00:01.233231,0.5195672267275622,0.351659018531218,0.04700749998608955,3,28,682,1.4271292170982968,1.6447055679706803,0.58719343576302,COMPLETE
95,0.8240357944205934,2026-04-12 23:15:48.205963,2026-04-12 23:15:49.373735,0 days 00:00:01.167772,0.5054427982070377,0.4722309739822649,0.06037819035947057,3,28,684,1.442210895310673,1.5443386521050095,0.5861922111818204,COMPLETE
96,0.8208116800897847,2026-04-12 23:15:49.373735,2026-04-12 23:15:50.288640,0 days 00:00:00.914905,0.5079274383914743,0.36121775533045425,0.05697937583057756,3,25,686,1.607051039066358,1.6888554582419044,0.5796274730703423,COMPLETE
97,0.8201737559743602,2026-04-12 23:15:50.288640,2026-04-12 23:15:51.822293,0 days 00:00:01.533653,0.5189637048378954,0.48509687565244775,0.0437467314502809,3,28,1039,1.667152898596136,1.923624883656155,0.5023030129182747,COMPLETE
98,0.8231362225637945,2026-04-12 23:15:51.822293,2026-04-12 23:15:52.653204,0 days 00:00:00.830911,0.46939919744411773,0.29871821315944636,0.07530313436105918,3,26,811,1.4315598647883445,1.3656643718452703,0.5987811434625187,COMPLETE
99,0.8219604903497415,2026-04-12 23:15:52.653204,2026-04-12 23:15:53.707245,0 days 00:00:01.054041,0.47608516185586613,0.4047876764350672,0.07067266786838164,3,26,811,1.4450446503910293,1.3810076310092587,0.5987189099228017,COMPLETE
