number,value,datetime_start,datetime_complete,duration,params_colsample_bytree,params_gamma,params_learning_rate,params_max_depth,params_min_child_weight,params_n_estimators,params_reg_alpha,params_reg_lambda,params_subsample,state
93,0.713392391870766,2026-04-12 23:13:14.685133,2026-04-12 23:13:14.778260,0 days 00:00:00.093127,0.5859796761749415,0.7510916984339266,0.08779242077053183,5,8,832,1.53375567485033,0.508983200391216,0.6908674810719767,COMPLETE
94,0.7402292860865034,2026-04-12 23:13:14.778260,2026-04-12 23:13:14.868855,0 days 00:00:00.090595,0.5296403627286171,0.8694070937390592,0.10238120475587342,5,9,705,1.0418196281494578,3.4159891461870338,0.6273184287023637,COMPLETE
95,0.7162584679520584,2026-04-12 23:13:14.868855,2026-04-12 23:13:15.005150,0 days 00:00:00.136295,0.5301393456564516,0.916264042547838,0.0821436381884226,5,12,641,1.1998216129393344,3.320904971747585,0.5997627544184563,COMPLETE
96,0.7407503908285565,2026-04-12 23:13:15.005150,2026-04-12 23:13:15.107253,0 days 00:00:00.102103,0.8590381462033673,0.8618674315068766,0.12276788528210868,5,10,600,1.041582121610865,3.8586109200757286,0.6196491101127599,COMPLETE
97,0.7196456487754038,2026-04-12 23:13:15.107253,2026-04-12 23:13:15.209356,0 days 00:00:00.102103,0.8581415672716189,0.8600389380054936,0.1357737125889288,5,10,602,1.038376426041794,3.8340546316102055,0.6119214499038627,COMPLETE
98,0.7266805627931214,2026-04-12 23:13:15.210363,2026-04-12 23:13:15.326024,0 days 00:00:00.115661,0.8934446346586867,0.8825501620898104,0.12007532914812943,5,11,555,0.9416870323116959,3.5323846149296707,0.631506844016541,COMPLETE
99,0.742313705054716,2026-04-12 23:13:15.326024,2026-04-12 23:13:15.398503,0 days 00:00:00.072479,0.8699028232740188,0.9517647917151159,0.1614160545020764,5,13,445,1.0572353218240964,3.366735934594005,0.64064592674445,COMPLETE
