number,value,datetime_start,datetime_complete,duration,params_colsample_bytree,params_gamma,params_learning_rate,params_max_depth,params_min_child_weight,params_n_estimators,params_reg_alpha,params_reg_lambda,params_subsample,state
92,0.7559142892531274,2026-04-12 23:12:14.724511,2026-04-12 23:12:14.935465,0 days 00:00:00.210954,0.6004491128348816,0.053496177251788665,0.19975956753055235,3,25,574,0.7841194938778779,1.9790892860232847,0.9781075192202997,COMPLETE
93,0.7570909541307129,2026-04-12 23:12:14.937468,2026-04-12 23:12:15.177237,0 days 00:00:00.239769,0.5780492928096645,0.06468494547267667,0.17361399244408185,3,27,535,0.7811981517987578,1.4685943207040246,0.9403035595944554,COMPLETE
94,0.7429296891127534,2026-04-12 23:12:15.177237,2026-04-12 23:12:15.373432,0 days 00:00:00.196195,0.5815373417025511,0.12807326884691783,0.15656455320124502,3,27,600,0.7867162868228312,2.0032635815820714,0.9481162573003672,COMPLETE
95,0.7412369431485075,2026-04-12 23:12:15.373432,2026-04-12 23:12:16.034343,0 days 00:00:00.660911,0.5633208966040294,0.06578185815260605,0.020984054513916935,3,28,567,0.7072247605722429,1.3096099662094134,0.9290015783388765,COMPLETE
96,0.7436109161471451,2026-04-12 23:12:16.034343,2026-04-12 23:12:16.255435,0 days 00:00:00.221092,0.5974459746970586,0.09468703711183885,0.1441502314365942,3,26,689,0.5568963853878885,1.678361528443478,0.9756487765279398,COMPLETE
97,0.7637793650138309,2026-04-12 23:12:16.255435,2026-04-12 23:12:16.610585,0 days 00:00:00.355150,0.6063181871079985,0.37789655996610927,0.18476083308676147,3,25,518,0.6530030678790005,1.408084692730482,0.9622536393949054,COMPLETE
98,0.7460881053631147,2026-04-12 23:12:16.610585,2026-04-12 23:12:16.973596,0 days 00:00:00.363011,0.6110269079730511,0.5174156310889659,0.18557941596794675,3,25,512,0.6224705676395773,1.895945771826233,0.9388096230954723,COMPLETE
99,0.7509392675777218,2026-04-12 23:12:16.973596,2026-04-12 23:12:17.298478,0 days 00:00:00.324882,0.5415012443804919,0.3687848312729401,0.15644153909704103,3,27,537,0.7401960048626541,1.4681792892557046,0.9605808869294111,COMPLETE
