number,value,datetime_start,datetime_complete,duration,params_colsample_bytree,params_gamma,params_learning_rate,params_max_depth,params_min_child_weight,params_n_estimators,params_reg_alpha,params_reg_lambda,params_subsample,state
0,0.8114344269535875,2026-04-12 23:14:09.496205,2026-04-12 23:14:09.912035,0 days 00:00:00.415830,0.49359671220172163,0.05808361216819946,0.17254716573280354,5,18,1152,1.7323522915498704,3.20501755284444,0.5780093202212182,COMPLETE
1,0.8143523040565495,2026-04-12 23:14:09.912035,2026-04-12 23:14:11.223114,0 days 00:00:01.311079,0.5090949803242604,0.18340450985343382,0.010636066512540286,7,25,1461,0.6084844859190754,2.86140394234507,0.6061695553391381,COMPLETE
2,0.8131504911994657,2026-04-12 23:14:11.223114,2026-04-12 23:14:12.085103,0 days 00:00:00.861989,0.619817105976215,0.45606998421703593,0.023927528765580644,6,5,996,1.5703519227860272,1.3985320197126188,0.6460723242676091,COMPLETE
3,0.8103766886164724,2026-04-12 23:14:12.085103,2026-04-12 23:14:12.550297,0 days 00:00:00.465194,0.43903095579116774,0.9488855372533332,0.05898602410432694,6,19,260,1.9312640661491187,4.137788066524076,0.5852620618436457,COMPLETE
4,0.8178569956277064,2026-04-12 23:14:12.550297,2026-04-12 23:14:14.611319,0 days 00:00:02.061022,0.6971061460667621,0.034388521115218396,0.013399060561509796,5,14,1090,1.8186408041575641,1.6645099172000761,0.5610191174223894,COMPLETE
5,0.8151519702243187,2026-04-12 23:14:14.611319,2026-04-12 23:14:15.598182,0 days 00:00:00.986863,0.9817507766587351,0.7751328233611146,0.02544166090938368,7,17,876,1.8789978831283782,4.526723076924419,0.5924272277627636,COMPLETE
6,0.8161743734966823,2026-04-12 23:14:15.598182,2026-04-12 23:14:15.986402,0 days 00:00:00.388220,0.5951981984579586,0.388677289689482,0.15826541904647565,7,6,315,0.5426980635477918,4.229318791183682,0.522613644455269,COMPLETE
7,0.820456857147905,2026-04-12 23:14:15.986402,2026-04-12 23:14:17.138512,0 days 00:00:01.152110,0.44473038620786254,0.9868869366005173,0.023200867504756827,5,5,906,1.5444895385933148,1.3942205669037757,0.9010984903770198,COMPLETE
8,0.8178773974210451,2026-04-12 23:14:17.138512,2026-04-12 23:14:17.681427,0 days 00:00:00.542915,0.44442679104045424,0.3584657285442726,0.11506408247250169,3,22,1119,0.23173811905025943,4.383965416440171,0.8856351733429728,COMPLETE
9,0.8100513115618856,2026-04-12 23:14:17.681427,2026-04-12 23:14:18.457417,0 days 00:00:00.775990,0.8377637070028385,0.6375574713552131,0.026946865572417687,7,10,282,1.774425485152653,2.6249671632287717,0.6625916610133735,COMPLETE
10,0.7886729664039253,2026-04-12 23:14:18.457417,2026-04-12 23:14:19.459270,0 days 00:00:01.001853,0.8141482441414871,0.9730377607696247,0.06254517730997457,9,1,600,1.2481670543447305,0.6790982273465664,0.9905354130446519,COMPLETE
11,0.817787797792568,2026-04-12 23:14:19.459270,2026-04-12 23:14:19.936289,0 days 00:00:00.477019,0.4124093411638383,0.2979794866095967,0.09743998503699917,3,28,1331,0.14923634455805884,4.9912366965466495,0.8936221864929604,COMPLETE
12,0.8179733068825135,2026-04-12 23:14:19.936289,2026-04-12 23:14:21.255041,0 days 00:00:01.318752,0.5646909839694887,0.6276429452559498,0.03975879223748769,3,23,686,1.125213021889677,2.0397846038906793,0.8280382521790727,COMPLETE
13,0.8206579304925624,2026-04-12 23:14:21.255041,2026-04-12 23:14:22.278521,0 days 00:00:01.023480,0.5743053936796885,0.6634064286119826,0.03663670072463191,4,30,675,1.2075390852730015,1.9852371739875037,0.7738475554128923,COMPLETE
14,0.8212624124931327,2026-04-12 23:14:22.278521,2026-04-12 23:14:24.772885,0 days 00:00:02.494364,0.7017986447597415,0.7893395175907234,0.01775503441347021,4,30,653,1.3783116459697247,0.7242961460446935,0.7521685384483989,COMPLETE
15,0.8213210939399522,2026-04-12 23:14:24.772885,2026-04-12 23:14:26.706759,0 days 00:00:01.933874,0.7164388031675963,0.7714524852457479,0.015778992469449575,4,29,574,0.815323092092662,0.7227261698775403,0.7498600224444595,COMPLETE
16,0.8207551019206291,2026-04-12 23:14:26.706759,2026-04-12 23:14:28.210625,0 days 00:00:01.503866,0.7461695043338068,0.8337700366106356,0.015813500283627435,4,26,480,0.7969135595273178,0.5593064647141559,0.7284515374659977,COMPLETE
17,0.8190358827582551,2026-04-12 23:14:28.210625,2026-04-12 23:14:29.857487,0 days 00:00:01.646862,0.6887044956450539,0.7878884746688503,0.015738632779891928,4,30,481,1.377146324176754,1.0680871837042007,0.7265074563535796,COMPLETE
18,0.8140702545218366,2026-04-12 23:14:29.857487,2026-04-12 23:14:31.014571,0 days 00:00:01.157084,0.8923003969150661,0.5639746990214328,0.018457792807770438,9,21,747,0.9215102085261346,0.7979940481625574,0.8020792747505996,COMPLETE
19,0.8179320826403033,2026-04-12 23:14:31.014571,2026-04-12 23:14:32.652042,0 days 00:00:01.637471,0.7529553136497598,0.8749053325780338,0.01037397785714494,4,13,478,0.6970484184637655,2.3422948201180063,0.6872739805875921,COMPLETE
20,0.8195120648213349,2026-04-12 23:14:32.652042,2026-04-12 23:14:33.316152,0 days 00:00:00.664110,0.6454006426421942,0.7343910665893201,0.031934442496045684,5,26,560,0.3620562540920012,1.1209702544858429,0.8314063332863684,COMPLETE
21,0.8199548047695606,2026-04-12 23:14:33.316152,2026-04-12 23:14:34.708579,0 days 00:00:01.392427,0.7528013562724437,0.8794611490555774,0.016891208107402654,4,26,444,0.8833415802913771,0.524977595397178,0.7232835083720207,COMPLETE
22,0.8165432883989093,2026-04-12 23:14:34.708579,2026-04-12 23:14:36.055040,0 days 00:00:01.346461,0.7733401939218868,0.8506774309620249,0.013186036357327721,4,28,766,0.9234920959031246,1.0794843422215774,0.7380248611172764,COMPLETE
23,0.8135820837760731,2026-04-12 23:14:36.055040,2026-04-12 23:14:37.066986,0 days 00:00:01.011946,0.6588591016448871,0.7251615496994137,0.018832679089001002,3,30,376,0.8105437452488807,0.6077742597862802,0.7781837070258739,COMPLETE
24,0.8075006667390194,2026-04-12 23:14:37.066986,2026-04-12 23:14:37.435883,0 days 00:00:00.368897,0.8893790901529346,0.5370430839461509,0.013303394531563638,6,25,581,1.0557808689123427,3.4348720937980617,0.6851319823950455,COMPLETE
25,0.8198267151598365,2026-04-12 23:14:37.435883,2026-04-12 23:14:38.560306,0 days 00:00:01.124423,0.7189714401308819,0.8689562859919063,0.020613821516536422,5,28,406,0.4771858950503482,1.6437952408039394,0.843452608609377,COMPLETE
26,0.8184198327305339,2026-04-12 23:14:38.560306,2026-04-12 23:14:39.524795,0 days 00:00:00.964489,0.8066624164443026,0.6706606665517352,0.04925210845599843,4,24,548,1.3521577808602692,0.985979163600778,0.704958603377128,COMPLETE
27,0.8055637583384442,2026-04-12 23:14:39.524795,2026-04-12 23:14:40.379583,0 days 00:00:00.854788,0.8658315524411897,0.8089900710651108,0.0149419751227321,3,20,212,0.7507423289013265,1.4069679740596266,0.7603567646471229,COMPLETE
28,0.8198784557903656,2026-04-12 23:14:40.379583,2026-04-12 23:14:42.152700,0 days 00:00:01.773117,0.9438123251782122,0.9274397579800451,0.029677912232698504,4,27,815,1.5134840053896061,1.9540691818345062,0.6289930303077851,COMPLETE
29,0.8179545877113057,2026-04-12 23:14:42.153703,2026-04-12 23:14:44.201964,0 days 00:00:02.048261,0.7079914719265405,0.5824986833101181,0.011099416250543991,5,23,673,0.020696877938193414,3.44146569962205,0.7985357974588102,COMPLETE
30,0.8166196373781045,2026-04-12 23:14:44.201964,2026-04-12 23:14:45.197410,0 days 00:00:00.995446,0.5352878920832902,0.7287733564458421,0.021290085825148963,6,30,921,1.0424381444431678,0.8530499285274351,0.9558460102215038,COMPLETE
31,0.820907589551253,2026-04-12 23:14:45.197410,2026-04-12 23:14:45.965525,0 days 00:00:00.768115,0.6627449635035717,0.6871478387109659,0.035014215957364675,4,30,666,1.2429484675008005,0.5056429726792576,0.7623443659582365,COMPLETE
32,0.8171948838191484,2026-04-12 23:14:45.965525,2026-04-12 23:14:46.470709,0 days 00:00:00.505184,0.6546771082574908,0.8037987273333135,0.033230613392889775,5,28,661,1.3725921593170753,0.5083977877341035,0.7543454657711277,COMPLETE
33,0.817966997049522,2026-04-12 23:14:46.470709,2026-04-12 23:14:47.337050,0 days 00:00:00.866341,0.732899996144268,0.4793566837622146,0.048253418568066024,4,25,503,1.6714670984214184,1.1802213987885828,0.6679762390494353,COMPLETE
34,0.8166246852444975,2026-04-12 23:14:47.337050,2026-04-12 23:14:48.359024,0 days 00:00:01.021974,0.7850115304067444,0.19225117429339678,0.015485357012909016,8,27,778,0.6858468329621474,0.8323911992498971,0.7084922074756872,COMPLETE
35,0.8071075641436589,2026-04-12 23:14:48.359024,2026-04-12 23:14:49.331891,0 days 00:00:00.972867,0.6208100239872824,0.7043486031057593,0.0115580612422431,3,29,361,1.1346501472141683,1.4221175013862175,0.8003509664827706,COMPLETE
36,0.8184507509121915,2026-04-12 23:14:49.333896,2026-04-12 23:14:49.866544,0 days 00:00:00.532648,0.6741233436292002,0.9130542747148988,0.08177559850297361,5,26,976,1.2639967557133844,1.6055671739176405,0.7690528474304236,COMPLETE
37,0.8172865867252892,2026-04-12 23:14:49.866544,2026-04-12 23:14:50.996246,0 days 00:00:01.129702,0.6038237859566361,0.8117270721944172,0.02616552725724533,4,16,627,1.46633068031937,0.7791487702535869,0.625796303597987,COMPLETE
38,0.81197896554074,2026-04-12 23:14:50.996246,2026-04-12 23:14:51.983253,0 days 00:00:00.987007,0.7429031061412911,0.7577271289780257,0.021747602498622728,6,19,530,0.5919126547522657,0.501138197795145,0.8506047703138333,COMPLETE
39,0.8188022086098092,2026-04-12 23:14:51.983253,2026-04-12 23:14:54.023169,0 days 00:00:02.039916,0.6304293417925426,0.6868018536157066,0.0126001091102386,5,11,756,1.6281088786027293,3.0008623817605335,0.5485378859389886,COMPLETE
40,0.8176881024313047,2026-04-12 23:14:54.023169,2026-04-12 23:14:54.650787,0 days 00:00:00.627618,0.4934332067819038,0.6319012341216412,0.06589788790141374,3,24,1497,0.9546793898510227,1.2766115974837557,0.7409728412539538,COMPLETE
41,0.8188823434887992,2026-04-12 23:14:54.650787,2026-04-12 23:14:55.348284,0 days 00:00:00.697497,0.5766908285125967,0.6721989414908037,0.03789976138888611,4,30,698,1.1994874472440011,1.8659966765578657,0.7775352543850991,COMPLETE
42,0.8185954564154595,2026-04-12 23:14:55.348284,2026-04-12 23:14:56.292589,0 days 00:00:00.944305,0.7019668151215637,0.6030450757166184,0.04006126676733979,4,29,855,1.1304253994207938,2.37321767627872,0.8110314688235121,COMPLETE
43,0.8170158948899607,2026-04-12 23:14:56.292589,2026-04-12 23:14:58.110346,0 days 00:00:01.817757,0.5148643547909841,0.5209579953143055,0.0184012742262216,4,29,613,1.2670993051391353,0.9224118840548319,0.8693119859911316,COMPLETE
44,0.8166162721338424,2026-04-12 23:14:58.110346,2026-04-12 23:14:58.903067,0 days 00:00:00.792721,0.5577303802655862,0.8334890113165985,0.028116134251044835,5,27,717,1.0141243167320753,0.7660859269176091,0.703395201659854,COMPLETE
45,0.8187433168352234,2026-04-12 23:14:58.903067,2026-04-12 23:14:59.833000,0 days 00:00:00.929933,0.6807571947062049,0.44057174563809337,0.0361998334959831,3,30,1240,0.8220697062347804,1.26177119487601,0.7808393690669156,COMPLETE
46,0.8210358894887436,2026-04-12 23:14:59.833000,2026-04-12 23:15:00.284970,0 days 00:00:00.451970,0.5981156834348778,0.7661808032594728,0.16455941226269194,4,22,424,1.4847013357633685,2.2100891054650904,0.7446441716643857,COMPLETE
47,0.8188207174532504,2026-04-12 23:15:00.284970,2026-04-12 23:15:00.860856,0 days 00:00:00.575886,0.6001892818037072,0.7624081612295414,0.16034018015970705,3,22,425,1.9117817417604575,2.7337384495644184,0.7442527830553936,COMPLETE
48,0.8174609484436165,2026-04-12 23:15:00.860856,2026-04-12 23:15:01.249952,0 days 00:00:00.389096,0.789572725210672,0.952933956330036,0.13670574480857192,6,23,333,1.4136654776806776,0.6787519908996493,0.6516580535719092,COMPLETE
49,0.8178496341558831,2026-04-12 23:15:01.249952,2026-04-12 23:15:01.736538,0 days 00:00:00.486586,0.7222870491142183,0.9158461709103917,0.07591745834518812,4,18,512,1.7606463205276932,3.739988821650897,0.7209277827679449,COMPLETE
50,0.8135122549576357,2026-04-12 23:15:01.736538,2026-04-12 23:15:02.114110,0 days 00:00:00.377572,0.6385083087132785,0.7745085655662421,0.18841716253062638,5,26,291,1.6354357970560953,2.411239615932355,0.6782438036418933,COMPLETE
51,0.8189122100316247,2026-04-12 23:15:02.114110,2026-04-12 23:15:02.921101,0 days 00:00:00.806991,0.5826235631745794,0.6563682769762147,0.044685595036932806,4,28,625,1.2890876507292883,2.147604495003175,0.7570711608291562,COMPLETE
52,0.8188882326662578,2026-04-12 23:15:02.921101,2026-04-12 23:15:04.255134,0 days 00:00:01.334033,0.5410933598771477,0.7068761062714068,0.02406442222539245,4,29,455,1.1826770438787013,1.7788130791658792,0.8154571896905383,COMPLETE
53,0.8218784625208541,2026-04-12 23:15:04.255134,2026-04-12 23:15:05.426791,0 days 00:00:01.171657,0.4823057552105847,0.8313979728360873,0.0569487728893704,3,1,585,1.4654100977226245,2.1329466575242715,0.7323982765111284,COMPLETE
54,0.8137720097491126,2026-04-12 23:15:05.426791,2026-04-12 23:15:06.043667,0 days 00:00:00.616876,0.49409754894290536,0.8411099001704567,0.11702141934796567,3,4,574,1.5649739973203631,2.9447049602878885,0.7295676954024632,COMPLETE
55,0.8202044638282514,2026-04-12 23:15:06.043667,2026-04-12 23:15:06.741045,0 days 00:00:00.697378,0.6727883886392532,0.9823856366599631,0.05486764005826305,3,1,399,1.4593381459464434,2.2530205045199305,0.6904129603618214,COMPLETE
56,0.8175318289008858,2026-04-12 23:15:06.741045,2026-04-12 23:15:07.338879,0 days 00:00:00.597834,0.4609041205313515,0.881242368010363,0.08925697490790492,3,14,455,1.8209414309769918,2.57740484588995,0.7916791328197021,COMPLETE
57,0.8146858838940251,2026-04-12 23:15:07.338879,2026-04-12 23:15:07.781238,0 days 00:00:00.442359,0.4084705081872306,0.7576116823421192,0.11036472551355604,4,25,235,1.3401065722370458,1.0097590059463815,0.7177422029507635,COMPLETE
58,0.8110789730284086,2026-04-12 23:15:07.781238,2026-04-12 23:15:09.287100,0 days 00:00:01.505862,0.7578269217635591,0.8301793951564252,0.01004790700937875,3,10,558,0.8613015460064196,1.542549780714424,0.745816955765551,COMPLETE
59,0.8108907296775001,2026-04-12 23:15:09.287100,2026-04-12 23:15:10.731664,0 days 00:00:01.444564,0.8344097205691348,0.8911127509292252,0.01669374120394739,8,7,637,1.5054887661429153,4.884445382774665,0.8265621732557958,COMPLETE
60,0.8182498878953004,2026-04-12 23:15:10.731664,2026-04-12 23:15:12.622619,0 days 00:00:01.890955,0.6958970042536624,0.800623038556586,0.01458931115477345,4,21,719,0.5009941151758435,0.693074009100484,0.6971892657895633,COMPLETE
61,0.8172971031136081,2026-04-12 23:15:12.622619,2026-04-12 23:15:13.224988,0 days 00:00:00.602369,0.6128956103055551,0.7472446343481387,0.06844015469585082,4,27,794,1.0731677838983453,2.0444901903482386,0.7616605456362758,COMPLETE
62,0.8180719506049446,2026-04-12 23:15:13.227000,2026-04-12 23:15:14.111067,0 days 00:00:00.884067,0.46534233539492753,0.7045388754741094,0.055316532632264416,5,29,661,0.7497858699210286,2.539605461737099,0.7814579715196015,COMPLETE
63,0.8200025491725285,2026-04-12 23:15:14.111067,2026-04-12 23:15:15.687692,0 days 00:00:01.576625,0.6506825150547811,0.6082747546363209,0.019434719051595543,4,30,501,1.212523249460816,1.8344090868121876,0.7335859911093658,COMPLETE
64,0.8208611071148835,2026-04-12 23:15:15.687692,2026-04-12 23:15:16.785807,0 days 00:00:01.098115,0.7674067508175543,0.7841345288886659,0.03413731783413111,4,28,570,1.4586007999654773,0.6255616366520308,0.7687623314672276,COMPLETE
65,0.8189761496726038,2026-04-12 23:15:16.785807,2026-04-12 23:15:17.783167,0 days 00:00:00.997360,0.8141015671731983,0.8607963329952898,0.03253147340529132,3,24,533,1.5992713607320679,0.9308063577899217,0.7151167494015033,COMPLETE
66,0.8166850493134481,2026-04-12 23:15:17.785181,2026-04-12 23:15:18.892442,0 days 00:00:01.107261,0.76892614086918,0.7808879610344679,0.02338419784551199,4,27,584,1.7122837418288432,1.0545845396177214,0.7561397945457341,COMPLETE
67,0.8173345414560234,2026-04-12 23:15:18.892442,2026-04-12 23:15:20.016812,0 days 00:00:01.124370,0.7372939405825332,0.9417839675153665,0.017208400181179712,4,28,356,1.3293819235904727,0.6382277460947513,0.6623546464067892,COMPLETE
68,0.816389538801687,2026-04-12 23:15:20.016812,2026-04-12 23:15:21.035184,0 days 00:00:01.018372,0.7157714772207211,0.8187770493076441,0.012303022413498432,5,8,472,1.4310509533250946,1.23329334327491,0.7926129618592285,COMPLETE
69,0.8111025297382428,2026-04-12 23:15:21.035184,2026-04-12 23:15:22.158160,0 days 00:00:01.122976,0.8360558243580029,0.7345126357017828,0.014774954166959913,3,2,409,1.525928065387987,0.6073785527303398,0.732886503658908,COMPLETE
70,0.8175244674290627,2026-04-12 23:15:22.158160,2026-04-12 23:15:22.730687,0 days 00:00:00.572527,0.7874298792083331,0.8966136449152605,0.045351188298698046,5,26,597,0.9642184099450546,3.9069388130466645,0.6761094287188277,COMPLETE
71,0.8213217249232515,2026-04-12 23:15:22.730687,2026-04-12 23:15:23.790343,0 days 00:00:01.059656,0.6648761789303151,0.6524121370521735,0.029579977614625025,4,29,661,1.38723438193499,0.8530464924419683,0.7700731136097676,COMPLETE
72,0.821547406616575,2026-04-12 23:15:23.790343,2026-04-12 23:15:24.845235,0 days 00:00:01.054892,0.6804192505188567,0.8541705624938563,0.029769335350789013,4,29,729,1.4045525908867007,0.8072035184918491,0.7671136341129093,COMPLETE
73,0.822133379773704,2026-04-12 23:15:24.846238,2026-04-12 23:15:26.200404,0 days 00:00:01.354166,0.6759186720123014,0.784544033656961,0.035374963374341525,4,29,743,1.4032429494776615,0.8571339183803867,0.7676938319477212,COMPLETE
74,0.8198336559761269,2026-04-12 23:15:26.200404,2026-04-12 23:15:27.255093,0 days 00:00:01.054689,0.6621522797869142,0.719323175366887,0.0297154820448642,4,29,819,1.9865284821526032,0.821339314507801,0.7895250130565369,COMPLETE
75,0.8193820822617135,2026-04-12 23:15:27.257100,2026-04-12 23:15:28.092755,0 days 00:00:00.835655,0.6871276355793178,0.5608260183228576,0.04238083441847333,4,30,707,1.3827231602063543,1.4362570485374575,0.8113740072363279,COMPLETE
76,0.8170600637209,2026-04-12 23:15:28.094759,2026-04-12 23:15:30.009366,0 days 00:00:01.914607,0.6207183221529665,0.10777872808815098,0.029026643593389356,3,29,888,1.3031985353699007,1.1500765127280301,0.748643599851534,COMPLETE
77,0.8213597942489659,2026-04-12 23:15:30.009366,2026-04-12 23:15:30.911847,0 days 00:00:00.902481,0.6669542672241857,0.648347542522714,0.024752948633748707,5,27,726,1.5622999745970712,0.9085472224178834,0.8487323588274189,COMPLETE
78,0.8128415197106562,2026-04-12 23:15:30.911847,2026-04-12 23:15:31.430532,0 days 00:00:00.518685,0.6377414034853148,0.8546437946881139,0.021199260585247817,6,25,733,1.5555060390362496,0.9162655142071338,0.9247001386902708,COMPLETE
79,0.8137341507511645,2026-04-12 23:15:31.430532,2026-04-12 23:15:32.069379,0 days 00:00:00.638847,0.7227149366697132,0.6595921746648098,0.02502022154617837,5,12,940,1.648017607902397,1.3348326250605718,0.8627453893931598,COMPLETE
80,0.8162294793714732,2026-04-12 23:15:32.069379,2026-04-12 23:15:33.110206,0 days 00:00:01.040827,0.6982047494683346,0.307012105745174,0.027096368918033926,5,28,848,1.7161660839765127,3.158881493440134,0.9068004528620003,COMPLETE
81,0.8204715800915514,2026-04-12 23:15:33.110206,2026-04-12 23:15:34.316576,0 days 00:00:01.206370,0.666320236919887,0.6785270684884971,0.03102385271821204,4,30,657,1.3995363936808993,0.717348846406882,0.7655325840328258,COMPLETE
82,0.8190320968584602,2026-04-12 23:15:34.316576,2026-04-12 23:15:35.378199,0 days 00:00:01.061623,0.6505791514354426,0.6383483795676406,0.03488767210985301,4,27,743,1.4913535181193298,0.8766429379897931,0.8268413032728446,COMPLETE
83,0.8202187661163651,2026-04-12 23:15:35.378199,2026-04-12 23:15:36.008552,0 days 00:00:00.630353,0.6834671624635245,0.6904839078217855,0.03919950123276499,4,28,664,1.2399020995067296,1.0857412171399978,0.7747987887305753,COMPLETE
84,0.8134323304064119,2026-04-12 23:15:36.008552,2026-04-12 23:15:37.079247,0 days 00:00:01.070695,0.7066045054342747,0.7972938625925627,0.022407974899478458,7,16,792,1.5897586514078896,0.524524279019141,0.7426981660918882,COMPLETE
85,0.8185397195573694,2026-04-12 23:15:37.079247,2026-04-12 23:15:38.122161,0 days 00:00:01.042914,0.6712634360268407,0.7343207706740527,0.026101008461375745,5,29,696,1.4273766117130193,0.8015883212292698,0.8028654506658918,COMPLETE
86,0.81804376668425,2026-04-12 23:15:38.122161,2026-04-12 23:15:39.202305,0 days 00:00:01.080144,0.5870821890700585,0.5935996851288687,0.03230396745319461,4,27,762,1.3595506158263617,1.0057641925522058,0.9712143622575615,COMPLETE
87,0.8184827207326809,2026-04-12 23:15:39.202305,2026-04-12 23:15:40.699788,0 days 00:00:01.497483,0.6296905779133759,0.7689184878988939,0.019800656771991363,4,30,846,1.1758871722151403,0.7358135135943501,0.8442315661788812,COMPLETE
88,0.821270404948255,2026-04-12 23:15:40.701849,2026-04-12 23:15:41.848516,0 days 00:00:01.146667,0.6086089350081048,0.6199936184843146,0.04922210274556982,3,29,630,1.3021277529705975,1.5244642642826607,0.7047505423696118,COMPLETE
89,0.8176456162224965,2026-04-12 23:15:41.848516,2026-04-12 23:15:42.484938,0 days 00:00:00.636422,0.6064121925510806,0.43855192692916056,0.05301952443590249,3,26,623,1.5408910472529012,1.183332374324575,0.7029293716011149,COMPLETE
90,0.8212577852822724,2026-04-12 23:15:42.484938,2026-04-12 23:15:43.762955,0 days 00:00:01.278017,0.5616611954055885,0.5419128667391357,0.04934348526755354,3,29,606,1.3024745522779815,1.4883173091341102,0.7138773599900705,COMPLETE
91,0.8169178821508286,2026-04-12 23:15:43.762955,2026-04-12 23:15:44.545475,0 days 00:00:00.782520,0.5521374816592275,0.5151370418395897,0.06206093033028344,3,29,607,1.3222517341887077,1.730638017442342,0.7255349563749899,COMPLETE
92,0.8214916697584849,2026-04-12 23:15:44.545475,2026-04-12 23:15:45.828936,0 days 00:00:01.283461,0.5698617040717104,0.4767003570633744,0.049518789244122834,3,28,637,1.4765577264063232,1.505480572370607,0.6310824554565234,COMPLETE
