number,value,datetime_start,datetime_complete,duration,params_colsample_bytree,params_gamma,params_learning_rate,params_max_depth,params_min_child_weight,params_n_estimators,params_reg_alpha,params_reg_lambda,params_subsample,state
0,0.8109447839134594,2026-04-12 23:13:15.776876,2026-04-12 23:13:16.029511,0 days 00:00:00.252635,0.49359671220172163,0.05808361216819946,0.17254716573280354,5,18,1152,1.7323522915498704,3.20501755284444,0.5780093202212182,COMPLETE
1,0.8102618496560299,2026-04-12 23:13:16.029511,2026-04-12 23:13:17.012689,0 days 00:00:00.983178,0.5090949803242604,0.18340450985343382,0.010636066512540286,7,25,1461,0.6084844859190754,2.86140394234507,0.6061695553391381,COMPLETE
2,0.8098864145930452,2026-04-12 23:13:17.012689,2026-04-12 23:13:17.809243,0 days 00:00:00.796554,0.619817105976215,0.45606998421703593,0.023927528765580644,6,5,996,1.5703519227860272,1.3985320197126188,0.6460723242676091,COMPLETE
3,0.8140523766616945,2026-04-12 23:13:17.809243,2026-04-12 23:13:18.305451,0 days 00:00:00.496208,0.43903095579116774,0.9488855372533332,0.05898602410432694,6,19,260,1.9312640661491187,4.137788066524076,0.5852620618436457,COMPLETE
4,0.8113662807572808,2026-04-12 23:13:18.305451,2026-04-12 23:13:19.103028,0 days 00:00:00.797577,0.6971061460667621,0.034388521115218396,0.013399060561509796,5,14,1090,1.8186408041575641,1.6645099172000761,0.5610191174223894,COMPLETE
5,0.8094123358076293,2026-04-12 23:13:19.103028,2026-04-12 23:13:19.398085,0 days 00:00:00.295057,0.9817507766587351,0.7751328233611146,0.02544166090938368,7,17,876,1.8789978831283782,4.526723076924419,0.5924272277627636,COMPLETE
6,0.8064326223413518,2026-04-12 23:13:19.398085,2026-04-12 23:13:19.774966,0 days 00:00:00.376881,0.5951981984579586,0.388677289689482,0.15826541904647565,7,6,315,0.5426980635477918,4.229318791183682,0.522613644455269,COMPLETE
7,0.813343782416767,2026-04-12 23:13:19.774966,2026-04-12 23:13:20.770262,0 days 00:00:00.995296,0.44473038620786254,0.9868869366005173,0.023200867504756827,5,5,906,1.5444895385933148,1.3942205669037757,0.9010984903770198,COMPLETE
8,0.8130543714102308,2026-04-12 23:13:20.772299,2026-04-12 23:13:21.284581,0 days 00:00:00.512282,0.44442679104045424,0.3584657285442726,0.11506408247250169,3,22,1119,0.23173811905025943,4.383965416440171,0.8856351733429728,COMPLETE
9,0.7973386807064656,2026-04-12 23:13:21.284581,2026-04-12 23:13:21.665056,0 days 00:00:00.380475,0.8377637070028385,0.6375574713552131,0.026946865572417687,7,10,282,1.774425485152653,2.6249671632287717,0.6625916610133735,COMPLETE
10,0.8138708637993104,2026-04-12 23:13:21.665056,2026-04-12 23:13:22.084414,0 days 00:00:00.419358,0.8141482441414871,0.9730835714873474,0.07008140236396197,9,28,532,1.1998312736251522,3.4608298323696647,0.7595720016297407,COMPLETE
11,0.8085171808339243,2026-04-12 23:13:22.084414,2026-04-12 23:13:22.432502,0 days 00:00:00.348088,0.8216195396547992,0.9681331362746253,0.06931012670622363,9,29,523,1.1485388105536878,3.62121262687908,0.7795107662780011,COMPLETE
12,0.8104530375956677,2026-04-12 23:13:22.432502,2026-04-12 23:13:22.796353,0 days 00:00:00.363851,0.8253622963962625,0.7719240123800709,0.06734410464314741,9,30,589,1.1743678096091887,4.961273816580538,0.7343526094439211,COMPLETE
13,0.8117192107492631,2026-04-12 23:13:22.796353,2026-04-12 23:13:23.507105,0 days 00:00:00.710752,0.9251208255256189,0.8342622328814129,0.05220900219757138,3,24,571,0.8306632751355922,3.7095188049597962,0.7915954946641021,COMPLETE
14,0.8015633242219344,2026-04-12 23:13:23.507105,2026-04-12 23:13:23.936917,0 days 00:00:00.429812,0.7186744182108762,0.5892451208510634,0.09478478413672914,8,20,421,1.3783116459697247,2.211862269538728,0.9969328809173613,COMPLETE
15,0.8110941166275878,2026-04-12 23:13:23.936917,2026-04-12 23:13:24.513052,0 days 00:00:00.576135,0.7177155787244006,0.8773128791394013,0.03424807340773267,4,13,202,1.9978601853182179,3.76779835533773,0.7116709551522808,COMPLETE
16,0.8073757320457908,2026-04-12 23:13:24.513052,2026-04-12 23:13:24.991495,0 days 00:00:00.478443,0.5842428412925791,0.6571453043275615,0.04403997645399454,8,26,635,0.054438052782394,0.5593064647141559,0.845681399072977,COMPLETE
17,0.8113330489701931,2026-04-12 23:13:24.993498,2026-04-12 23:13:25.266840,0 days 00:00:00.273342,0.8775264661611893,0.9024426661978917,0.09500779236599044,6,21,718,1.370618736844182,3.228335062681309,0.6819187581275602,COMPLETE
18,0.8001644342477544,2026-04-12 23:13:25.266840,2026-04-12 23:13:25.681122,0 days 00:00:00.414282,0.7549106025974354,0.7255429663622144,0.0587432944960689,8,1,418,0.8891806738581367,4.122998839429758,0.5096877553396489,COMPLETE
19,0.8099354209626113,2026-04-12 23:13:25.681122,2026-04-12 23:13:26.366614,0 days 00:00:00.685492,0.4046324014341391,0.5376262410857092,0.03955516495537839,4,27,744,1.0327176371488695,4.828311322822785,0.8225277071250963,COMPLETE
20,0.8097301410626263,2026-04-12 23:13:26.366614,2026-04-12 23:13:26.681383,0 days 00:00:00.314769,0.6454006426421942,0.25997423016857735,0.12337213607394863,6,11,401,0.6102913454840344,2.3280034120995743,0.964051434116436,COMPLETE
21,0.8142704865554287,2026-04-12 23:13:26.681383,2026-04-12 23:13:27.487658,0 days 00:00:00.806275,0.5113627599151671,0.9835614719955205,0.01631216454734748,5,7,830,1.5324554831651995,0.8859803352680802,0.9132552668443416,COMPLETE
22,0.8127279427168121,2026-04-12 23:13:27.487658,2026-04-12 23:13:28.675039,0 days 00:00:01.187381,0.530618603982028,0.9806835498577523,0.016793327248743748,4,9,766,1.527379376194162,0.817894014539261,0.9235169616730705,COMPLETE
23,0.8124795456247197,2026-04-12 23:13:28.676041,2026-04-12 23:13:29.020214,0 days 00:00:00.344173,0.5260470357692825,0.9144244487281407,0.0767380131706316,5,1,1376,1.333597704500437,3.3530584665817456,0.8529756994101622,COMPLETE
24,0.8082816137355809,2026-04-12 23:13:29.020214,2026-04-12 23:13:29.726658,0 days 00:00:00.706444,0.4189729932086154,0.8444456621309413,0.033022418321456075,6,15,209,1.5931970448830541,3.931456634948697,0.748622693690503,COMPLETE
25,0.8091012610411561,2026-04-12 23:13:29.726658,2026-04-12 23:13:30.178881,0 days 00:00:00.452223,0.7636635142940947,0.7661016752501413,0.05165923833081062,6,18,494,1.9756930422536187,1.9688733617416276,0.789528458298212,COMPLETE
26,0.8137545525445032,2026-04-12 23:13:30.178881,2026-04-12 23:13:31.202267,0 days 00:00:01.023386,0.4834538349221776,0.9435923508499106,0.01791725359557661,5,7,658,1.7057170880015782,2.87390543176279,0.6251346235934894,COMPLETE
27,0.8153183394875239,2026-04-12 23:13:31.202267,2026-04-12 23:13:31.607361,0 days 00:00:00.405094,0.664291879275543,0.6892348728717252,0.08650442125894361,4,12,333,1.2361585809270954,1.0245459690419414,0.7053877642910074,COMPLETE
28,0.8128974668965128,2026-04-12 23:13:31.607361,2026-04-12 23:13:33.068877,0 days 00:00:01.461516,0.5588303198828075,0.8202999845388819,0.01017869130287704,4,13,1225,1.409842286668095,1.0152880581777342,0.6982043410018308,COMPLETE
29,0.8067178267925604,2026-04-12 23:13:33.068877,2026-04-12 23:13:33.369421,0 days 00:00:00.300544,0.6511715507978135,0.6679851082724919,0.18505995430619274,3,18,1258,1.6796769123632265,0.966774769454434,0.5544365746036534,COMPLETE
30,0.814684201271894,2026-04-12 23:13:33.369924,2026-04-12 23:13:33.926969,0 days 00:00:00.557045,0.48558369851692496,0.7154926450220577,0.08569898323042595,4,3,323,1.8731657306602,0.5496661891753936,0.6507885976201789,COMPLETE
31,0.8071288072480631,2026-04-12 23:13:33.926969,2026-04-12 23:13:34.260173,0 days 00:00:00.333204,0.4771947650956575,0.7129743991071734,0.08849160370210903,4,3,328,1.8605884574075537,0.505583742060919,0.6476164808466424,COMPLETE
32,0.8099030304865891,2026-04-12 23:13:34.260173,2026-04-12 23:13:34.544952,0 days 00:00:00.284779,0.4600750694666345,0.5340682209236733,0.1131344326137525,5,9,356,1.7022004103568609,1.3361581583193027,0.606216823987958,COMPLETE
33,0.8065304247527176,2026-04-12 23:13:34.544952,2026-04-12 23:13:34.816649,0 days 00:00:00.271697,0.507724535958384,0.45327353642855445,0.14465143292732247,5,3,277,1.4786538920528243,1.1609722908154776,0.6750445646136429,COMPLETE
34,0.812125353666139,2026-04-12 23:13:34.816649,2026-04-12 23:13:35.146250,0 days 00:00:00.329601,0.5506123362463018,0.612877527093179,0.08314267173881539,4,8,463,1.8911142469338522,1.6176451679812776,0.6321499058216585,COMPLETE
35,0.8150577433849815,2026-04-12 23:13:35.146250,2026-04-12 23:13:36.453371,0 days 00:00:01.307121,0.6214153983911876,0.8675335496991634,0.05715531337403445,3,11,997,1.2736973337014468,0.8158699044460247,0.7028617998757127,COMPLETE
36,0.810923961464588,2026-04-12 23:13:36.453371,2026-04-12 23:13:38.853945,0 days 00:00:02.400574,0.6362104217332452,0.7168240156916953,0.01298378485312935,3,12,938,1.2678370308811275,0.7699242454378464,0.7133456145286303,COMPLETE
37,0.813184143642086,2026-04-12 23:13:38.853945,2026-04-12 23:13:39.411003,0 days 00:00:00.557058,0.6780220680601772,0.11351973707695973,0.05760613305158363,3,4,1072,0.9977259090011092,1.6351439780768764,0.7161947164589672,COMPLETE
38,0.8136622186550634,2026-04-12 23:13:39.411003,2026-04-12 23:13:39.961419,0 days 00:00:00.550416,0.5963274551748082,0.8738805768539775,0.04573011228356633,4,6,994,1.0555827147723635,0.7601991509463785,0.6776910880944566,COMPLETE
39,0.8138304808681657,2026-04-12 23:13:39.961419,2026-04-12 23:13:40.470290,0 days 00:00:00.508871,0.6010211953534911,0.7809984530937989,0.13564080993436012,3,16,860,1.620900359178346,1.2528483489308924,0.5721388480032987,COMPLETE
40,0.8036451484535441,2026-04-12 23:13:40.470290,2026-04-12 23:13:40.768754,0 days 00:00:00.298464,0.5626417182529765,0.8275682527088954,0.09883154051249074,5,11,1497,1.469177891626794,0.9966858200166834,0.738758594767192,COMPLETE
41,0.8129521521157712,2026-04-12 23:13:40.768754,2026-04-12 23:13:41.224486,0 days 00:00:00.455732,0.44521157882198575,0.9433795149855579,0.06232265251914508,4,15,807,1.774525187139978,0.5099685993981838,0.6197727719889827,COMPLETE
42,0.8129054593516353,2026-04-12 23:13:41.224486,2026-04-12 23:13:41.684585,0 days 00:00:00.460099,0.5075300562485768,0.912694265101601,0.07484182864592585,5,7,1032,1.8998535164658972,1.8846541345026928,0.53738447591303,COMPLETE
43,0.8090047205963886,2026-04-12 23:13:41.684585,2026-04-12 23:13:42.457389,0 days 00:00:00.772804,0.6856920403569603,0.9943019267014166,0.030202513373159514,7,5,1177,1.2670993051391353,1.5179669282530712,0.5986269773582235,COMPLETE
44,0.8122538639313961,2026-04-12 23:13:42.457389,2026-04-12 23:13:43.053313,0 days 00:00:00.595924,0.4844604655933204,0.8015283521692554,0.040411270454822956,3,10,236,1.7855565202466337,0.7635039265573969,0.646993012162397,COMPLETE
45,0.8056760733656902,2026-04-12 23:13:43.053313,2026-04-12 23:13:43.290502,0 days 00:00:00.237189,0.43489934677051845,0.8870846487926661,0.020334698732590452,5,20,365,1.6038438815224219,2.8128616043113204,0.5790592495945437,COMPLETE
46,0.8112737365400746,2026-04-12 23:13:43.290502,2026-04-12 23:13:43.818524,0 days 00:00:00.528022,0.6232044682378577,0.7334907949792906,0.05286319223745846,4,23,289,0.7778676516351399,1.087567558780722,0.6551745730098906,COMPLETE
47,0.8043354441827967,2026-04-12 23:13:43.818524,2026-04-12 23:13:44.300633,0 days 00:00:00.482109,0.5387777138677553,0.677945003120675,0.06495238535176828,6,14,941,1.1199551677953585,1.8234194649245765,0.7582946258554475,COMPLETE
48,0.8120691961525162,2026-04-12 23:13:44.300633,2026-04-12 23:13:44.800488,0 days 00:00:00.499855,0.5742621135608008,0.5750738206762579,0.07945259535227325,3,3,1292,1.2293366428948334,4.588884094375258,0.8209836599305902,COMPLETE
49,0.8131740479093,2026-04-12 23:13:44.800488,2026-04-12 23:13:45.166912,0 days 00:00:00.366424,0.46107297568076244,0.8584203187692612,0.10581862023353698,4,18,468,1.4716880671726318,1.4267583410120226,0.6975866115516012,COMPLETE
50,0.8001152175504219,2026-04-12 23:13:45.166912,2026-04-12 23:13:45.666384,0 days 00:00:00.499472,0.7675681182042474,0.9437869951366903,0.04701272904854174,6,8,553,1.9531948246592021,2.4113013948568076,0.7717047516591609,COMPLETE
51,0.8111681520013528,2026-04-12 23:13:45.666384,2026-04-12 23:13:46.046384,0 days 00:00:00.380000,0.9019286767317256,0.9514634718308015,0.07137978492583132,9,29,405,0.9573787994775891,3.4554332341759393,0.9285833394946538,COMPLETE
52,0.8118386769205659,2026-04-12 23:13:46.046384,2026-04-12 23:13:46.430779,0 days 00:00:00.384395,0.9619163849820704,0.982445981083753,0.08813334373694795,7,25,256,1.1794782851841887,3.9821973568959153,0.7266007044284188,COMPLETE
53,0.8016508205727477,2026-04-12 23:13:46.430779,2026-04-12 23:13:46.866725,0 days 00:00:00.435946,0.7229126209316342,0.9109008416818004,0.05868872519537254,8,11,674,1.288496699135667,4.403303746992246,0.877399935370855,COMPLETE
54,0.7935986323647319,2026-04-12 23:13:46.866725,2026-04-12 23:13:47.268723,0 days 00:00:00.401998,0.7886946485449585,0.8864005891689569,0.06811349157742366,9,13,603,1.127410207585958,0.6545812728666156,0.9978633836110258,COMPLETE
55,0.8136693697991202,2026-04-12 23:13:47.268723,2026-04-12 23:13:47.709187,0 days 00:00:00.440464,0.40130711005874536,0.441672295044487,0.08210834508953631,3,5,332,1.3588130414741524,2.947791595385684,0.8121662097270055,COMPLETE
56,0.8112914040724503,2026-04-12 23:13:47.709187,2026-04-12 23:13:48.266105,0 days 00:00:00.556918,0.7265192067116769,0.9896346125292681,0.03956601250048025,8,27,509,1.82255759144721,3.584425046836735,0.6930658668590137,COMPLETE
57,0.8081240782385638,2026-04-12 23:13:48.266614,2026-04-12 23:13:48.644953,0 days 00:00:00.378339,0.5162335060840658,0.7559929538157655,0.12334169761625233,4,2,1124,1.416664658236331,0.9550559652590797,0.7623696403526392,COMPLETE
58,0.801813403936158,2026-04-12 23:13:48.644953,2026-04-12 23:13:49.103393,0 days 00:00:00.458440,0.6634950493675359,0.3222948991213157,0.055443524006271706,7,10,793,1.1859717315331157,1.236487347527076,0.6657058314706198,COMPLETE
59,0.8118655988746623,2026-04-12 23:13:49.103393,2026-04-12 23:13:49.505133,0 days 00:00:00.401740,0.8711016886947096,0.794175901851299,0.0499624726187822,5,16,434,0.9183542285791816,4.179411730417693,0.9535398070912524,COMPLETE
60,0.8153196014541221,2026-04-12 23:13:49.505133,2026-04-12 23:13:49.969418,0 days 00:00:00.464285,0.613375986141281,0.8542099860086557,0.10487267085236189,4,6,385,0.39805093162544836,3.146549454025151,0.5009157315217356,COMPLETE
61,0.8187952677935187,2026-04-12 23:13:49.969418,2026-04-12 23:13:50.412305,0 days 00:00:00.442887,0.6195828179961929,0.8361510169697023,0.10324672638470242,4,6,374,0.48544788711246845,3.195853463833714,0.5030531927773239,COMPLETE
62,0.8120389089541579,2026-04-12 23:13:50.412305,2026-04-12 23:13:50.803425,0 days 00:00:00.391120,0.6159946803245568,0.8469120949848242,0.10235972950555293,4,6,294,0.27286300936595137,2.616032951286031,0.5140223129534249,COMPLETE
63,0.8178773974210451,2026-04-12 23:13:50.803425,2026-04-12 23:13:51.237933,0 days 00:00:00.434508,0.6134310418359684,0.6915010380974775,0.11160644937730278,4,7,378,0.4086873579353495,3.038189116659977,0.5008450691493196,COMPLETE
64,0.8102197841027544,2026-04-12 23:13:51.237933,2026-04-12 23:13:51.646313,0 days 00:00:00.408380,0.6121791848052947,0.6271574452212746,0.14258824211475152,4,7,359,0.4134192106345813,3.0789216270428277,0.5321652876531523,COMPLETE
65,0.8104942618378776,2026-04-12 23:13:51.646313,2026-04-12 23:13:51.968763,0 days 00:00:00.322450,0.6696427622360943,0.6820121654405642,0.11689390597701088,4,9,437,0.48245028709888527,3.2235562849785437,0.5051408237463771,COMPLETE
66,0.8113778487844316,2026-04-12 23:13:51.968763,2026-04-12 23:13:52.455367,0 days 00:00:00.486604,0.7005400833958144,0.8134240471326131,0.09154496132173107,3,4,369,0.697077342247973,3.0283031155320623,0.5528096629853874,COMPLETE
67,0.8080037707561957,2026-04-12 23:13:52.455367,2026-04-12 23:13:52.826964,0 days 00:00:00.371597,0.5846030751029384,0.7481936525745508,0.19916444985692308,4,8,244,0.29463003706256247,2.514209444735748,0.5006109422821586,COMPLETE
68,0.8077105738498647,2026-04-12 23:13:52.826964,2026-04-12 23:13:53.222263,0 days 00:00:00.395299,0.6322212049901859,0.6866154467592099,0.1679694263375198,5,4,389,0.08543259216702109,2.6755636975255466,0.535200679693578,COMPLETE
69,0.8117059600999814,2026-04-12 23:13:53.222263,2026-04-12 23:13:53.720303,0 days 00:00:00.498040,0.6611017996037619,0.5665668893041329,0.1308496784154961,4,6,312,0.37533226470750525,3.327175558723857,0.5195292088149527,COMPLETE
70,0.81043663202989,2026-04-12 23:13:53.720303,2026-04-12 23:13:54.136530,0 days 00:00:00.416227,0.5452473347392013,0.6443058384597236,0.10899894605829863,3,1,209,0.5340260380023767,0.873137774019552,0.5660363488938929,COMPLETE
71,0.8106303439027241,2026-04-12 23:13:54.136530,2026-04-12 23:13:54.446051,0 days 00:00:00.309521,0.6459888815972716,0.9407795085791846,0.15841064275248218,5,7,471,0.20847116481377564,0.6647411596657669,0.5516780787611739,COMPLETE
72,0.8159547913085836,2026-04-12 23:13:54.446051,2026-04-12 23:13:55.018186,0 days 00:00:00.572135,0.49680574608295947,0.861538811191775,0.09684234095244008,4,12,326,0.13172686861471122,3.6368947812119354,0.5860107413052047,COMPLETE
73,0.8106166725979096,2026-04-12 23:13:55.018186,2026-04-12 23:13:55.835248,0 days 00:00:00.817062,0.5702110436798229,0.8549505667240828,0.01177148631466673,4,12,317,0.6251481890770935,3.068764211711124,0.5908133069020381,COMPLETE
74,0.8080161800944119,2026-04-12 23:13:55.835248,2026-04-12 23:13:56.269880,0 days 00:00:00.434632,0.522521925904005,0.7128292639352003,0.0985589823494286,4,9,910,0.20861984307565123,3.169119106083933,0.6118880786501935,COMPLETE
75,0.8123508250316964,2026-04-12 23:13:56.269880,2026-04-12 23:13:56.797443,0 days 00:00:00.527563,0.604167436108403,0.7742919410019,0.08593980587770121,3,12,332,0.005895032171821912,3.823143421074834,0.6318317470968432,COMPLETE
76,0.8136948194588519,2026-04-12 23:13:56.797443,2026-04-12 23:13:57.201030,0 days 00:00:00.403587,0.4962221620549433,0.5031879175408268,0.12003147603935002,4,5,988,0.42556330166538714,3.5494657623599233,0.5241804860274686,COMPLETE
77,0.8132053867464902,2026-04-12 23:13:57.201030,2026-04-12 23:13:57.570388,0 days 00:00:00.369358,0.6973790862768805,0.821526976438116,0.09271142937108645,5,14,391,0.11502735977219528,3.343703213723857,0.540508626120897,COMPLETE
78,0.8134228656569251,2026-04-12 23:13:57.570388,2026-04-12 23:13:58.580878,0 days 00:00:01.010490,0.5848693006212767,0.8738990153008854,0.015909360558549027,4,10,534,0.29177904723456416,2.119735411664961,0.6849788002263958,COMPLETE
79,0.813666004554858,2026-04-12 23:13:58.580878,2026-04-12 23:13:59.084702,0 days 00:00:00.503824,0.46093026469039505,0.6055613395936822,0.07587264481879125,3,2,1053,0.14846063266682646,3.6815759782447803,0.6641379229129487,COMPLETE
80,0.8102237803303154,2026-04-12 23:13:59.086705,2026-04-12 23:13:59.446302,0 days 00:00:00.359597,0.6285836647697325,0.9143231066742616,0.10563268312916807,4,8,274,0.3473834581236239,2.895363593080127,0.5141704082654022,COMPLETE
81,0.8090072445295851,2026-04-12 23:13:59.446302,2026-04-12 23:13:59.980227,0 days 00:00:00.533925,0.4299273661848473,0.9308101691090489,0.062117572869774665,6,6,202,1.6465452018277804,4.043609747666451,0.578294283924507,COMPLETE
82,0.8131410264499785,2026-04-12 23:13:59.980227,2026-04-12 23:14:00.301754,0 days 00:00:00.321527,0.5347256097180453,0.9665265094180009,0.12907319251889254,5,17,254,1.5331494339889873,0.8988602053197736,0.5878954880131293,COMPLETE
83,0.8100654035222328,2026-04-12 23:14:00.301754,2026-04-12 23:14:00.874856,0 days 00:00:00.573102,0.4752693743423552,0.8937885286240769,0.034186582607583595,6,14,436,0.7944102156154771,3.8309062608280415,0.7261543667688484,COMPLETE
84,0.8092493317886862,2026-04-12 23:14:00.874856,2026-04-12 23:14:01.242475,0 days 00:00:00.367619,0.49586358276705633,0.7871967488035272,0.07252390516870058,5,19,349,1.9295485590712884,0.6248368464986149,0.6384310788779674,COMPLETE
85,0.8041976794958191,2026-04-12 23:14:01.242475,2026-04-12 23:14:01.457903,0 days 00:00:00.215428,0.42571980275383475,0.8400690831926907,0.02593977534611457,4,22,299,0.5694790900127067,3.5017002367976438,0.5497019589217599,COMPLETE
86,0.811762538269137,2026-04-12 23:14:01.457903,2026-04-12 23:14:01.934829,0 days 00:00:00.476926,0.5557601590500126,0.0008858249068918189,0.07978574501190284,3,11,489,1.7371881685553079,4.297721916715294,0.5248981110244177,COMPLETE
87,0.813756655822167,2026-04-12 23:14:01.934829,2026-04-12 23:14:02.418835,0 days 00:00:00.484006,0.447023436734063,0.7355425075730657,0.0980862668039739,4,5,720,1.8322964211308297,0.7706794180539098,0.5631690695459178,COMPLETE
88,0.8094590285717651,2026-04-12 23:14:02.418835,2026-04-12 23:14:02.818406,0 days 00:00:00.399571,0.41517785156643583,0.8962088719295472,0.11445041206018927,5,8,236,1.0776176530652009,1.0733923065438904,0.7032666332545304,COMPLETE
89,0.8112365085254256,2026-04-12 23:14:02.818406,2026-04-12 23:14:03.368570,0 days 00:00:00.550164,0.6505370192222946,0.7047027074708576,0.06499983894650069,4,3,1332,0.6859196433237599,4.672684717339685,0.6202413737987313,COMPLETE
90,0.8104073964703636,2026-04-12 23:14:03.368570,2026-04-12 23:14:03.798422,0 days 00:00:00.429852,0.4722979208054725,0.8618227388628841,0.1499555964337035,3,13,412,0.4969043449115534,2.772767801392975,0.5021657252975281,COMPLETE
91,0.8112800463730658,2026-04-12 23:14:03.798422,2026-04-12 23:14:04.266851,0 days 00:00:00.468429,0.8079331234061711,0.9648472465017878,0.06944675698592453,4,7,376,1.4072070146278388,3.432420932585939,0.851102589671518,COMPLETE
92,0.8006328341834781,2026-04-12 23:14:04.266851,2026-04-12 23:14:04.866603,0 days 00:00:00.599752,0.5909911281331883,0.9269615099592622,0.08232044578070634,8,15,608,1.311632670858943,3.2967733805030117,0.9012200037310354,COMPLETE
