number,value,datetime_start,datetime_complete,duration,params_colsample_bytree,params_gamma,params_learning_rate,params_max_depth,params_min_child_weight,params_n_estimators,params_reg_alpha,params_reg_lambda,params_subsample,state
92,0.828379861734795,2026-04-12 23:11:49.144923,2026-04-12 23:11:49.508237,0 days 00:00:00.363314,0.9092875899477201,0.6104106723782312,0.0684088848922429,8,20,1336,0.9476952557844502,1.3358471607581648,0.9558984918277598,COMPLETE
93,0.826574809863238,2026-04-12 23:11:49.508237,2026-04-12 23:11:49.770141,0 days 00:00:00.261904,0.9416514882377796,0.5893667109295067,0.08133706546448068,8,21,1388,0.27718561925552376,4.736978768735158,0.9294774249102132,COMPLETE
94,0.8273428095398696,2026-04-12 23:11:49.770141,2026-04-12 23:11:50.143817,0 days 00:00:00.373676,0.9811106382704305,0.5409558950936658,0.05240648482241088,8,22,1235,0.17410959021812364,1.0383654782819716,0.9675599227996536,COMPLETE
95,0.8288494404844461,2026-04-12 23:11:50.143817,2026-04-12 23:11:50.723822,0 days 00:00:00.580005,0.9662399825912663,0.48620849893751306,0.04516585766175895,8,17,1160,0.37936677022087173,1.1401273156716787,0.9782057020400459,COMPLETE
96,0.8103350272273571,2026-04-12 23:11:50.723822,2026-04-12 23:11:50.966324,0 days 00:00:00.242502,0.5513408748520792,0.635627121731374,0.1839826881136649,7,18,1286,1.0306741317933326,1.6656025512458108,0.9449227255262242,COMPLETE
97,0.8257205996965895,2026-04-12 23:11:50.966324,2026-04-12 23:11:51.847987,0 days 00:00:00.881663,0.9218477402860357,0.6840416242776132,0.019055349044046384,8,19,1339,0.11989882827406224,3.634788100636199,0.9847219545276839,COMPLETE
98,0.8279285987669057,2026-04-12 23:11:51.847987,2026-04-12 23:11:52.670281,0 days 00:00:00.822294,0.8573861759180527,0.7508341721925905,0.023464506017321942,8,23,1434,0.6232607266117125,1.3942073840993305,0.9995331411081522,COMPLETE
99,0.8273364937530553,2026-04-12 23:11:52.670281,2026-04-12 23:11:53.403367,0 days 00:00:00.733086,0.9464145771472345,0.5721692061746775,0.03184000832978133,7,13,1463,1.1319453475948416,0.8294004876297978,0.72820893207696,COMPLETE
