number,value,datetime_start,datetime_complete,duration,params_colsample_bytree,params_gamma,params_learning_rate,params_max_depth,params_min_child_weight,params_n_estimators,params_reg_alpha,params_reg_lambda,params_subsample,state
93,0.762685273110111,2026-04-12 23:12:51.943481,2026-04-12 23:12:52.346142,0 days 00:00:00.402661,0.48038941636325005,0.24443566805888226,0.1589392315481791,8,3,795,0.26141356330200255,0.8198169459060947,0.7772002919314703,COMPLETE
94,0.7501135378390653,2026-04-12 23:12:52.346142,2026-04-12 23:12:52.908672,0 days 00:00:00.562530,0.4754649454488936,0.2614888559190559,0.18397808162255902,8,4,783,0.6280185070787321,0.8362901632395721,0.7761931942271265,COMPLETE
95,0.7472234837537675,2026-04-12 23:12:52.908672,2026-04-12 23:12:53.253164,0 days 00:00:00.344492,0.436682863524638,0.25140804962394836,0.15220524906416116,9,2,873,0.771599484067462,0.7226632267994684,0.7336457100604191,COMPLETE
96,0.7640270839354278,2026-04-12 23:12:53.253164,2026-04-12 23:12:53.613323,0 days 00:00:00.360159,0.5022769417902265,0.15304372285658027,0.15937403839120087,8,5,652,0.2733233978399444,1.1245929391262286,0.7250058125070399,COMPLETE
97,0.7462738945543125,2026-04-12 23:12:53.613323,2026-04-12 23:12:53.929357,0 days 00:00:00.316034,0.4902536215659759,0.10123707556365558,0.16360016696362287,7,8,797,0.2679167165350497,1.1242376038029218,0.8427787410973072,COMPLETE
98,0.7631600677098386,2026-04-12 23:12:53.929357,2026-04-12 23:12:54.355482,0 days 00:00:00.426125,0.462343603496187,0.18426548061734516,0.18240971122603944,8,4,831,0.16632737111724694,1.4700032558598015,0.713907346669544,COMPLETE
99,0.7653482515172784,2026-04-12 23:12:54.355482,2026-04-12 23:12:54.750427,0 days 00:00:00.394945,0.4248371502857348,0.1713840157216503,0.18532439533480666,8,5,833,0.18275500428673605,1.5118826242288064,0.6821567867511729,COMPLETE
