number,value,datetime_start,datetime_complete,duration,params_colsample_bytree,params_gamma,params_learning_rate,params_max_depth,params_min_child_weight,params_n_estimators,params_reg_alpha,params_reg_lambda,params_subsample,state
0,0.7426922918128896,2026-04-12 23:12:17.853472,2026-04-12 23:12:17.995186,0 days 00:00:00.141714,0.49359671220172163,0.05808361216819946,0.17254716573280354,5,18,1152,1.7323522915498704,3.20501755284444,0.6624074561769746,COMPLETE
1,0.737118616076958,2026-04-12 23:12:17.995186,2026-04-12 23:12:18.191625,0 days 00:00:00.196439,0.5090949803242604,0.18340450985343382,0.010636066512540286,7,25,1461,0.6084844859190754,2.86140394234507,0.6849356442713105,COMPLETE
2,0.7465319350976426,2026-04-12 23:12:18.191625,2026-04-12 23:12:18.390591,0 days 00:00:00.198966,0.619817105976215,0.45606998421703593,0.023927528765580644,6,5,996,1.5703519227860272,1.3985320197126188,0.7168578594140873,COMPLETE
3,0.7349097890260518,2026-04-12 23:12:18.390591,2026-04-12 23:12:18.627061,0 days 00:00:00.236470,0.43903095579116774,0.9488855372533332,0.05898602410432694,6,19,260,1.9312640661491187,4.137788066524076,0.6682096494749166,COMPLETE
4,0.7353536187605797,2026-04-12 23:12:18.627061,2026-04-12 23:12:18.834487,0 days 00:00:00.207426,0.6971061460667621,0.034388521115218396,0.013399060561509796,5,14,1090,1.8186408041575641,1.6645099172000761,0.6488152939379115,COMPLETE
5,0.7306159943850378,2026-04-12 23:12:18.834487,2026-04-12 23:12:19.141778,0 days 00:00:00.307291,0.9817507766587351,0.7751328233611146,0.02544166090938368,7,17,876,1.8789978831283782,4.526723076924419,0.6739417822102108,COMPLETE
6,0.7460777837413815,2026-04-12 23:12:19.141778,2026-04-12 23:12:19.321998,0 days 00:00:00.180220,0.5951981984579586,0.388677289689482,0.15826541904647565,7,6,315,0.5426980635477918,4.229318791183682,0.6180909155642152,COMPLETE
7,0.7345588538871227,2026-04-12 23:12:19.321998,2026-04-12 23:12:19.501765,0 days 00:00:00.179767,0.44473038620786254,0.9868869366005173,0.023200867504756827,5,5,906,1.5444895385933148,1.3942205669037757,0.9208787923016158,COMPLETE
8,0.7340840592873952,2026-04-12 23:12:19.501765,2026-04-12 23:12:19.631084,0 days 00:00:00.129319,0.44442679104045424,0.3584657285442726,0.11506408247250169,3,22,1119,0.23173811905025943,4.383965416440171,0.9085081386743783,COMPLETE
9,0.7336195863094009,2026-04-12 23:12:19.631084,2026-04-12 23:12:19.964312,0 days 00:00:00.333228,0.8377637070028385,0.6375574713552131,0.026946865572417687,7,10,282,1.774425485152653,2.6249671632287717,0.7300733288106989,COMPLETE
10,0.7347859295652532,2026-04-12 23:12:19.964312,2026-04-12 23:12:20.382439,0 days 00:00:00.418127,0.71273985300103,0.5521954513351884,0.05424191230104696,9,1,600,1.2481670543447305,0.6795839107376818,0.8010124870699186,COMPLETE
11,0.7497729243218695,2026-04-12 23:12:20.382439,2026-04-12 23:12:20.816298,0 days 00:00:00.433859,0.605509596242654,0.3614941996883464,0.09611738294309832,9,7,509,0.8542246112666637,3.537278577791157,0.7737425087025644,COMPLETE
12,0.7574212460261757,2026-04-12 23:12:20.816298,2026-04-12 23:12:21.260895,0 days 00:00:00.444597,0.6264965712313108,0.3393678895012091,0.09244179230118688,9,10,583,1.0601418083991399,2.081845972183778,0.8034225897057347,COMPLETE
13,0.7473886297014987,2026-04-12 23:12:21.260895,2026-04-12 23:12:21.808356,0 days 00:00:00.547461,0.7544846791129365,0.24155493298033986,0.08140299388145905,9,30,596,0.9941707872217049,3.4294727488781893,0.8134443425342889,COMPLETE
14,0.7397299863754594,2026-04-12 23:12:21.808356,2026-04-12 23:12:22.060309,0 days 00:00:00.251953,0.5902909001032544,0.17405551542079015,0.09784782950094352,9,11,610,0.9676769750823181,2.29430363271153,0.8524337374155859,COMPLETE
15,0.7398228809710581,2026-04-12 23:12:22.060309,2026-04-12 23:12:22.281456,0 days 00:00:00.221147,0.8105092769111841,0.3006839042393384,0.0726077367240438,8,10,468,0.6702843025277729,3.585421472958645,0.7547713097442489,COMPLETE
16,0.748348540522687,2026-04-12 23:12:22.283459,2026-04-12 23:12:22.611277,0 days 00:00:00.327818,0.6527110957040927,0.5872289551877949,0.037602232099475066,8,1,685,1.2870633940900573,2.1127562815574388,0.8642396983313831,COMPLETE
17,0.7603732298418728,2026-04-12 23:12:22.611277,2026-04-12 23:12:23.231944,0 days 00:00:00.620667,0.5344872536979647,0.696426527040237,0.12226669414704656,8,13,421,0.07260962646423674,4.974562752753115,0.7629352649141516,COMPLETE
18,0.7519095000206432,2026-04-12 23:12:23.231944,2026-04-12 23:12:23.672207,0 days 00:00:00.440263,0.5300575228498998,0.7255429663622144,0.14620884634351175,8,14,720,0.14144775359301562,4.887312101318932,0.8416634198004797,COMPLETE
19,0.7369534701292267,2026-04-12 23:12:23.672207,2026-04-12 23:12:23.789803,0 days 00:00:00.117596,0.5428498657668875,0.8417383744617795,0.11826909151719979,3,13,398,0.3391630587755038,0.695106931655114,0.9464839959030332,COMPLETE
20,0.7441373188555387,2026-04-12 23:12:23.789803,2026-04-12 23:12:24.051145,0 days 00:00:00.261342,0.9031522400235494,0.4726838974048967,0.1945075507375914,8,22,391,0.023241923255106545,1.9077701319167457,0.9894738314526085,COMPLETE
21,0.7660707650386028,2026-04-12 23:12:24.051145,2026-04-12 23:12:24.690211,0 days 00:00:00.639066,0.5373302338318781,0.7050802607071955,0.13036189789941302,8,15,798,0.032576822154130415,4.899828562666797,0.8365328339882004,COMPLETE
22,0.744612113455266,2026-04-12 23:12:24.690211,2026-04-12 23:12:24.996230,0 days 00:00:00.306019,0.5496735937933772,0.6765323482096725,0.07105362291731517,8,9,769,0.33603183995391933,4.866709122058121,0.7724241235931085,COMPLETE
23,0.7450765864332604,2026-04-12 23:12:24.998288,2026-04-12 23:12:25.272647,0 days 00:00:00.274359,0.668630289803052,0.8512496948120486,0.12139975236903547,9,16,814,1.2464089106109921,3.914732053304491,0.8241565202379116,COMPLETE
24,0.7387803971760043,2026-04-12 23:12:25.272647,2026-04-12 23:12:25.666808,0 days 00:00:00.394161,0.4857816526727198,0.5452984604569244,0.04085890279051132,6,12,494,0.0255444636376546,4.916583088087535,0.8907069921400944,COMPLETE
25,0.7568535568308492,2026-04-12 23:12:25.666808,2026-04-12 23:12:25.926942,0 days 00:00:00.260134,0.4006971519720357,0.8029191731487808,0.13822537245285835,8,21,689,0.7616134388062972,2.676854355288659,0.7287397928489925,COMPLETE
26,0.7464287188803105,2026-04-12 23:12:25.926942,2026-04-12 23:12:26.198632,0 days 00:00:00.271690,0.5569006043739295,0.6563319801412013,0.09313581262388688,9,8,1277,0.4275287242881991,3.869258217377469,0.7851954232539129,COMPLETE
27,0.7431051566822179,2026-04-12 23:12:26.198632,2026-04-12 23:12:26.405497,0 days 00:00:00.206865,0.6501611406470202,0.8840450261487557,0.05542802369399777,7,16,907,1.094464598699684,1.108322769926244,0.8754053633645488,COMPLETE
28,0.7480388918706907,2026-04-12 23:12:26.405497,2026-04-12 23:12:26.579077,0 days 00:00:00.173580,0.7383681021427756,0.72063126984611,0.19146793391477296,4,14,204,0.2048499585287437,4.618737365022227,0.7518679098604203,COMPLETE
29,0.7600429379464102,2026-04-12 23:12:26.579077,2026-04-12 23:12:26.932554,0 days 00:00:00.353477,0.4871427924733447,0.44085492487833117,0.15948125421009432,8,3,999,0.4784606158810053,3.083978051288055,0.831714782293097,COMPLETE
30,0.7557697865488626,2026-04-12 23:12:26.932554,2026-04-12 23:12:27.108199,0 days 00:00:00.175645,0.4778723757716547,0.60904135906311,0.15658454837397934,7,19,1298,0.4238717153627659,3.165089431434719,0.8312574206442143,COMPLETE
31,0.7585772676602947,2026-04-12 23:12:27.108199,2026-04-12 23:12:27.486895,0 days 00:00:00.378696,0.571262673561849,0.4621402225682101,0.1276660299086818,8,4,1041,0.00040982245353470004,2.3313201468493574,0.8042453290930773,COMPLETE
32,0.7674332191073862,2026-04-12 23:12:27.486895,2026-04-12 23:12:27.967291,0 days 00:00:00.480396,0.5106704734519492,0.4245290239715521,0.13505332586702362,8,3,1028,0.11775407235813695,3.122122362817098,0.6973578805957572,COMPLETE
33,0.7496903513480038,2026-04-12 23:12:27.967291,2026-04-12 23:12:28.232144,0 days 00:00:00.264853,0.49914261397218096,0.512153424927972,0.17252925348027937,8,3,1198,0.13876612525661447,3.2265367684521533,0.7031017933157212,COMPLETE
34,0.7526320135419677,2026-04-12 23:12:28.232144,2026-04-12 23:12:28.592715,0 days 00:00:00.360571,0.4651783663790715,0.4163534343115017,0.10531178713338263,6,2,987,0.2839241178781013,2.9625406251977022,0.6387292437484664,COMPLETE
35,0.745303662111391,2026-04-12 23:12:28.592715,2026-04-12 23:12:28.857434,0 days 00:00:00.264719,0.40950329453985895,0.13744432404899404,0.14032769685152893,7,26,981,0.5268466701241219,3.882524761362233,0.6902984291223898,COMPLETE
36,0.7576689649477726,2026-04-12 23:12:28.857434,2026-04-12 23:12:29.232219,0 days 00:00:00.374785,0.5087823958641549,0.7168240156916953,0.1902017520209348,8,7,1474,0.12417087802645156,4.719747736746362,0.708403040988687,COMPLETE
37,0.7508154081169234,2026-04-12 23:12:29.232219,2026-04-12 23:12:29.420085,0 days 00:00:00.187866,0.5200985457519159,0.26945521297424047,0.07830624032402639,7,4,1234,0.3999446397955761,3.038122354867337,0.6000709941339399,COMPLETE
38,0.7511250567689195,2026-04-12 23:12:29.420085,2026-04-12 23:12:29.616597,0 days 00:00:00.196512,0.42777186108144183,0.42445016274119746,0.06304829064727176,7,6,1375,0.5613315288977444,4.214274139841292,0.7382996932307472,COMPLETE
39,0.7595887865901491,2026-04-12 23:12:29.616597,2026-04-12 23:12:29.891364,0 days 00:00:00.274767,0.4701271529609245,0.527815890547237,0.16859182976857162,6,18,1090,0.21620576992553803,4.474121866063902,0.6577110784026389,COMPLETE
40,0.742909045869287,2026-04-12 23:12:29.891364,2026-04-12 23:12:30.189792,0 days 00:00:00.298428,0.5686276504029898,0.9394169083408899,0.017400385970233974,8,26,837,0.06825005256380356,4.068099041118355,0.7834346937931121,COMPLETE
41,0.756843235209116,2026-04-12 23:12:30.189792,2026-04-12 23:12:30.439724,0 days 00:00:00.249932,0.4607845549950988,0.5515009535272127,0.15929950549553695,6,18,1042,0.21745810346960212,4.559418431755578,0.646525581163171,COMPLETE
42,0.7485756162008175,2026-04-12 23:12:30.439724,2026-04-12 23:12:30.626884,0 days 00:00:00.187160,0.4954357514098615,0.4908006697819299,0.13349447596985256,4,20,1141,0.25379289437505714,4.455677625020635,0.6706238672484575,COMPLETE
43,0.7440237810164733,2026-04-12 23:12:30.626884,2026-04-12 23:12:30.884623,0 days 00:00:00.257739,0.43854344229774594,0.6191037002842186,0.11264421543695603,5,17,1081,0.14459189331338773,4.345141593680769,0.6870748705312015,COMPLETE
44,0.7577928244085711,2026-04-12 23:12:30.884623,2026-04-12 23:12:31.122267,0 days 00:00:00.237644,0.5227747704806494,0.4246712134971758,0.1717061431692292,4,23,905,0.4527030597713345,4.693364262616457,0.6296291371341683,COMPLETE
45,0.7480182486272243,2026-04-12 23:12:31.122267,2026-04-12 23:12:31.359832,0 days 00:00:00.237565,0.4693222728373299,0.7843800608172113,0.15506106941725328,5,15,935,0.3269270039023688,2.8128616043113204,0.7183180416674497,COMPLETE
46,0.7440753891251393,2026-04-12 23:12:31.359832,2026-04-12 23:12:31.676885,0 days 00:00:00.317053,0.5873121193415384,0.687271125864299,0.10685564440607706,7,12,1167,0.10320714876729192,3.705700529519163,0.6633690489765884,COMPLETE
47,0.7445398621031336,2026-04-12 23:12:31.676885,2026-04-12 23:12:31.961968,0 days 00:00:00.285083,0.6171335457799514,0.528577027316432,0.08578488846763264,6,5,1084,0.7013801943243472,4.955267933321773,0.7568889410409732,COMPLETE
48,0.7461397134717807,2026-04-12 23:12:31.961968,2026-04-12 23:12:32.302358,0 days 00:00:00.340390,0.42156455809286286,0.32247307219001087,0.12782231133337263,9,18,1370,0.21951653409850772,3.369079416574168,0.8899708522736736,COMPLETE
49,0.7462119648239132,2026-04-12 23:12:32.302358,2026-04-12 23:12:32.709312,0 days 00:00:00.406954,0.453340666299927,0.5849943460992986,0.030315094213408295,8,24,785,0.18672368361067698,2.4546207844934087,0.8488592284967131,COMPLETE
50,0.7538293216630197,2026-04-12 23:12:32.709312,2026-04-12 23:12:33.034426,0 days 00:00:00.325114,0.9742887241908834,0.37706029320429635,0.19791118456859247,9,29,1022,1.6548573538422544,4.103012405075501,0.8173638013273288,COMPLETE
51,0.7616118244498575,2026-04-12 23:12:33.034426,2026-04-12 23:12:33.863805,0 days 00:00:00.829379,0.5724372321821092,0.44740473690366134,0.12894820939594223,8,3,1046,0.02212529452741563,1.9216836479060295,0.7924825875348871,COMPLETE
52,0.7590933487469552,2026-04-12 23:12:33.863805,2026-04-12 23:12:34.194706,0 days 00:00:00.330901,0.515436138600706,0.40073796207035095,0.1693382332044551,8,3,963,0.07723676599556278,1.5689183885607194,0.7907840321132344,COMPLETE
53,0.7576483217043062,2026-04-12 23:12:34.194706,2026-04-12 23:12:34.659789,0 days 00:00:00.465083,0.5495491790647253,0.4516265106432479,0.14291953787499853,8,1,1103,0.30788563874781005,1.8565428806602482,0.8380123360651471,COMPLETE
54,0.7545724784278106,2026-04-12 23:12:34.659789,2026-04-12 23:12:35.001310,0 days 00:00:00.341521,0.5853777612296575,0.27193039059394686,0.10190197063695271,7,3,878,0.01357930064504187,4.778448511000567,0.85925071071861,COMPLETE
55,0.7484414351182858,2026-04-12 23:12:35.001310,2026-04-12 23:12:35.453293,0 days 00:00:00.451983,0.5393167338023878,0.7541550177215786,0.11821524169099257,9,6,1182,0.5023942283918401,4.973440579945999,0.7719884815394612,COMPLETE
56,0.7513727756905164,2026-04-12 23:12:35.453293,2026-04-12 23:12:35.682126,0 days 00:00:00.228833,0.48885279175201746,0.5728863754690137,0.04763246078930073,8,8,1023,0.07883722589731644,1.2035014736726768,0.6555665390366995,COMPLETE
57,0.7569774162916477,2026-04-12 23:12:35.682126,2026-04-12 23:12:36.009559,0 days 00:00:00.327433,0.6314995750669079,0.3568074000089505,0.13135584857333654,8,2,325,0.1724092496614877,2.530225374172395,0.8117108407551906,COMPLETE
58,0.7385533214978738,2026-04-12 23:12:36.009559,2026-04-12 23:12:36.234294,0 days 00:00:00.224735,0.6891402503917953,0.5133108829204406,0.1477829623781984,7,5,1075,0.3499953768784678,4.326481105760627,0.8722656224261476,COMPLETE
59,0.7424961809999586,2026-04-12 23:12:36.234294,2026-04-12 23:12:36.520140,0 days 00:00:00.285846,0.5334748012750707,0.6487879885085849,0.010372866144614884,9,11,637,0.2652542188001724,4.512217093186489,0.741926238497094,COMPLETE
60,0.7527765162462327,2026-04-12 23:12:36.520140,2026-04-12 23:12:37.307253,0 days 00:00:00.787113,0.6065617573215975,0.4508432636622187,0.08946206076170611,8,15,939,0.6113198096539905,2.0681431583119845,0.934077377871952,COMPLETE
61,0.7605486974113373,2026-04-12 23:12:37.307253,2026-04-12 23:12:37.550984,0 days 00:00:00.243731,0.5080912736692208,0.40724034236732826,0.17129025068773768,8,3,969,0.0543738889741487,1.5941249143026617,0.7958377314093655,COMPLETE
62,0.7585669460385616,2026-04-12 23:12:37.550984,2026-04-12 23:12:37.812102,0 days 00:00:00.261118,0.5681376416197352,0.3228017218201683,0.1802572125778033,8,4,547,0.05875733517412587,1.7985743019088523,0.8276121333629931,COMPLETE
63,0.7743693489121011,2026-04-12 23:12:37.812102,2026-04-12 23:12:38.879588,0 days 00:00:01.067486,0.5015626469880101,0.4808520278714301,0.16400115200796353,8,2,738,0.1467475546376455,0.9768624629163187,0.7662338429401856,COMPLETE
64,0.776309813797944,2026-04-12 23:12:38.881591,2026-04-12 23:12:39.701294,0 days 00:00:00.819703,0.5014423084515545,0.4654986162417532,0.12051911268690847,8,1,766,0.12298242352098179,0.9166986778008134,0.7588479824272185,COMPLETE
65,0.7608893109285332,2026-04-12 23:12:39.701294,2026-04-12 23:12:40.129795,0 days 00:00:00.428501,0.5144202025691792,0.3937258846067911,0.11423147657403737,9,1,746,0.006345491706994444,0.5651663846471822,0.7643603684006257,COMPLETE
66,0.7652037488130135,2026-04-12 23:12:40.129795,2026-04-12 23:12:40.746521,0 days 00:00:00.616726,0.5077039227418787,0.3864898175797271,0.11368321954749545,9,1,728,0.011947202235536327,0.523369770937926,0.7931038238063677,COMPLETE
67,0.7453862350852567,2026-04-12 23:12:40.746521,2026-04-12 23:12:41.413583,0 days 00:00:00.667062,0.7874922015050025,0.49094697315625535,0.1131144777959254,9,1,714,1.4625488474589414,0.5115074677678678,0.7674143408846341,COMPLETE
68,0.7581644027909665,2026-04-12 23:12:41.413583,2026-04-12 23:12:41.996057,0 days 00:00:00.582474,0.5546971023861486,0.21699550425623373,0.07562620685786868,9,1,755,0.007131114629613022,0.8839937373073032,0.7473151976895871,COMPLETE
69,0.7441476404772718,2026-04-12 23:12:41.996057,2026-04-12 23:12:42.357151,0 days 00:00:00.361094,0.5032497226167656,0.3571233906730412,0.06472108577409277,9,2,806,0.13870663362783794,0.8951183260298196,0.7832158980170206,COMPLETE
70,0.7625923785145121,2026-04-12 23:12:42.357151,2026-04-12 23:12:42.700529,0 days 00:00:00.343378,0.5296421025864919,0.38270870548396335,0.09836767871164877,9,2,669,0.8728607836359439,0.5374846192725358,0.7276519594195452,COMPLETE
71,0.7712935056356055,2026-04-12 23:12:42.700529,2026-04-12 23:12:43.300789,0 days 00:00:00.600260,0.5285678338038301,0.3874701107351449,0.09420282827866534,9,2,656,0.8811462059830356,0.5739035295891932,0.7295282375815,COMPLETE
72,0.7542937946410141,2026-04-12 23:12:43.300789,2026-04-12 23:12:43.703639,0 days 00:00:00.402850,0.5326003094708904,0.4718510095571299,0.08391506134935386,9,2,659,0.9028360281235668,0.815410215728553,0.7263695467768373,COMPLETE
73,0.7509805540646546,2026-04-12 23:12:43.703639,2026-04-12 23:12:44.074804,0 days 00:00:00.371165,0.5796637270033242,0.29278915739141886,0.12366989323447738,9,5,854,0.9508249697292935,1.0394299144183912,0.7079421727518815,COMPLETE
74,0.7525597621898351,2026-04-12 23:12:44.074804,2026-04-12 23:12:44.462367,0 days 00:00:00.387563,0.48068839718957923,0.3733735951558679,0.09562887186535765,9,4,635,1.972404708238238,0.6937979580446929,0.6963206218063382,COMPLETE
75,0.7675364353247182,2026-04-12 23:12:44.462367,2026-04-12 23:12:44.985081,0 days 00:00:00.522714,0.5617270351768564,0.33243791401477196,0.10213145412981017,9,2,555,1.0713096629628847,1.2847814601575083,0.7316782022303042,COMPLETE
76,0.7515895297469138,2026-04-12 23:12:44.985081,2026-04-12 23:12:45.403481,0 days 00:00:00.418400,0.4471754339573352,0.3375680068358088,0.10558172792551572,9,2,584,1.143149984836978,1.340716650085925,0.7354833593888247,COMPLETE
77,0.7491639486396102,2026-04-12 23:12:45.403481,2026-04-12 23:12:45.737346,0 days 00:00:00.333865,0.6040471378067835,0.22694832532938197,0.10009994628962025,9,7,537,1.0626159247405618,1.0664793255729401,0.6781923624560984,COMPLETE
78,0.7505676891953265,2026-04-12 23:12:45.737346,2026-04-12 23:12:46.046446,0 days 00:00:00.309100,0.5589917601303684,0.14612204891382785,0.06716491852292043,9,4,712,0.8164990224476001,0.7912528448354521,0.7188943851190518,COMPLETE
79,0.7430948350604847,2026-04-12 23:12:46.046446,2026-04-12 23:12:46.713830,0 days 00:00:00.667384,0.4941572668594859,0.2959143904577195,0.08999635337230956,9,2,554,1.3658504341902051,0.5800175187569419,0.7275746791707745,COMPLETE
80,0.7423929647826266,2026-04-12 23:12:46.713830,2026-04-12 23:12:47.300162,0 days 00:00:00.586332,0.5237243984396809,0.06321863987627063,0.14385768769414678,9,1,453,1.150254405368984,1.2061612981392156,0.7520316409544927,COMPLETE
81,0.7468002972627058,2026-04-12 23:12:47.300162,2026-04-12 23:12:47.628993,0 days 00:00:00.328831,0.5369554435795395,0.4754700521470138,0.13361659241581988,8,3,809,0.8128271412686264,1.4159764262430505,0.7773718055463856,COMPLETE
82,0.7533338838198258,2026-04-12 23:12:47.628993,2026-04-12 23:12:48.016127,0 days 00:00:00.387134,0.6407217756211633,0.4321451891357739,0.1096653528403718,8,4,667,0.9884389495468765,0.9208888291882991,0.7991545124391441,COMPLETE
83,0.7559039676313941,2026-04-12 23:12:48.016127,2026-04-12 23:12:48.346224,0 days 00:00:00.330097,0.5532750852180865,0.3898890322902302,0.12032142388895808,8,2,741,0.9133117151483049,0.6394658483592384,0.7578985992393129,COMPLETE
84,0.749700672969737,2026-04-12 23:12:48.346224,2026-04-12 23:12:48.616897,0 days 00:00:00.270673,0.48405843287700906,0.3300081980319556,0.09558720599461212,8,5,621,0.10512223448328961,0.7553665887031771,0.6997684466284113,COMPLETE
85,0.7598571487552124,2026-04-12 23:12:48.616897,2026-04-12 23:12:49.076573,0 days 00:00:00.459676,0.5682905355720685,0.42066018769559227,0.15356508410375133,7,1,696,1.1988797680675052,1.0059003822430599,0.7154718736294426,COMPLETE
86,0.7396267701581273,2026-04-12 23:12:49.076573,2026-04-12 23:12:49.450186,0 days 00:00:00.373613,0.46571671601965603,0.4955316334648802,0.012247176213119883,9,6,770,0.37889819796965174,1.1904850543197643,0.739822739063819,COMPLETE
87,0.7585566244168285,2026-04-12 23:12:49.450186,2026-04-12 23:12:49.831169,0 days 00:00:00.380983,0.5960645718743652,0.355152294348922,0.08153655025596579,9,3,842,0.1717930513654649,1.3562990717407257,0.7893775691542136,COMPLETE
88,0.7659365839560712,2026-04-12 23:12:49.831169,2026-04-12 23:12:50.249121,0 days 00:00:00.417952,0.5065240970349124,0.26629416840441267,0.13681295628151918,8,2,668,0.6465974318880325,0.6616222991315369,0.809031198926313,COMPLETE
89,0.7403905701663844,2026-04-12 23:12:50.249557,2026-04-12 23:12:50.520263,0 days 00:00:00.270706,0.502343213880221,0.2016172908897827,0.14041013846750736,7,1,672,0.7114138559652752,0.7041575118585149,0.8093232933627652,COMPLETE
90,0.7521365756987738,2026-04-12 23:12:50.520263,2026-04-12 23:12:50.905169,0 days 00:00:00.384906,0.4506765678060084,0.26961960068259483,0.10139166427795925,8,2,505,1.03526784762335,0.5993182968034284,0.7464756738626875,COMPLETE
91,0.7488336567441476,2026-04-12 23:12:50.905169,2026-04-12 23:12:51.440584,0 days 00:00:00.535415,0.5215533536625424,0.3055990697033972,0.12660601683140976,8,3,604,0.11765242281140345,0.9702922005068075,0.8170775386622353,COMPLETE
92,0.7610131703893316,2026-04-12 23:12:51.440584,2026-04-12 23:12:51.943481,0 days 00:00:00.502897,0.542434387402817,0.446381525694786,0.1345390985153683,8,6,725,0.8682759578075261,0.518003431560669,0.7616454114680763,COMPLETE
