number,value,datetime_start,datetime_complete,duration,params_colsample_bytree,params_gamma,params_learning_rate,params_max_depth,params_min_child_weight,params_n_estimators,params_reg_alpha,params_reg_lambda,params_subsample,state
93,0.7872639806969589,2026-04-12 23:14:04.866603,2026-04-12 23:14:05.364163,0 days 00:00:00.497560,0.6827355555324619,0.966346963668249,0.058694432796300336,9,9,340,1.2283330823613143,3.184578047613827,0.9795387251465523,COMPLETE
94,0.8088564395210922,2026-04-12 23:14:05.364163,2026-04-12 23:14:05.740179,0 days 00:00:00.376016,0.5053944862534886,0.9880133410849701,0.08899206529372361,4,12,280,1.986167873419588,2.9869604908548752,0.6748308848705908,COMPLETE
95,0.8140172519247093,2026-04-12 23:14:05.740179,2026-04-12 23:14:06.086795,0 days 00:00:00.346616,0.9994641761481804,0.9231529448007063,0.11020663563495427,4,4,843,0.15647104508806944,3.719630521796337,0.7380260467591794,COMPLETE
96,0.811534332642617,2026-04-12 23:14:06.086795,2026-04-12 23:14:06.613497,0 days 00:00:00.526702,0.6149008923734264,0.8079432466181851,0.10756141121470417,4,4,865,0.03582249181507047,3.707941123193487,0.7302882905627615,COMPLETE
97,0.8127060686291088,2026-04-12 23:14:06.613497,2026-04-12 23:14:07.620182,0 days 00:00:01.006685,0.9633331795356681,0.8340364381513302,0.029954429517344637,4,2,896,0.172211426758952,3.884382541164792,0.7440198336830676,COMPLETE
98,0.8061331156020296,2026-04-12 23:14:07.620182,2026-04-12 23:14:07.973233,0 days 00:00:00.353051,0.7374104365272633,0.9995375910643016,0.13658450873219816,6,6,837,0.4487878067420121,4.089241549833233,0.7907139441548772,COMPLETE
99,0.815359563729734,2026-04-12 23:14:07.973233,2026-04-12 23:14:08.605315,0 days 00:00:00.632082,0.570483260157036,0.9193185615735383,0.11217955755325153,3,4,973,0.2541612469790174,0.5752180512111321,0.7132131018161864,COMPLETE
