number,value,datetime_start,datetime_complete,duration,params_colsample_bytree,params_gamma,params_learning_rate,params_max_depth,params_min_child_weight,params_n_estimators,params_reg_alpha,params_reg_lambda,params_subsample,state
0,0.8166890245519897,2026-04-12 23:10:35.148668,2026-04-12 23:10:35.344245,0 days 00:00:00.195577,0.49359671220172163,0.05808361216819946,0.17254716573280354,5,18,1152,1.7323522915498704,3.20501755284444,0.5780093202212182,COMPLETE
1,0.8217855487218741,2026-04-12 23:10:35.344245,2026-04-12 23:10:35.975131,0 days 00:00:00.630886,0.5090949803242604,0.18340450985343382,0.010636066512540286,7,25,1461,0.6084844859190754,2.86140394234507,0.6061695553391381,COMPLETE
2,0.8170644980781061,2026-04-12 23:10:35.975131,2026-04-12 23:10:36.161368,0 days 00:00:00.186237,0.619817105976215,0.45606998421703593,0.023927528765580644,6,5,996,1.5703519227860272,1.3985320197126188,0.6460723242676091,COMPLETE
3,0.8235176532557249,2026-04-12 23:10:36.161368,2026-04-12 23:10:36.373030,0 days 00:00:00.211662,0.43903095579116774,0.9488855372533332,0.05898602410432694,6,19,260,1.9312640661491187,4.137788066524076,0.5852620618436457,COMPLETE
4,0.8168355508060838,2026-04-12 23:10:36.373030,2026-04-12 23:10:36.628549,0 days 00:00:00.255519,0.6971061460667621,0.034388521115218396,0.013399060561509796,5,14,1090,1.8186408041575641,1.6645099172000761,0.5610191174223894,COMPLETE
5,0.8226770220307276,2026-04-12 23:10:36.628549,2026-04-12 23:10:37.018535,0 days 00:00:00.389986,0.9817507766587351,0.7751328233611146,0.02544166090938368,7,17,876,1.8789978831283782,4.526723076924419,0.5924272277627636,COMPLETE
6,0.8131266049993242,2026-04-12 23:10:37.018535,2026-04-12 23:10:37.209340,0 days 00:00:00.190805,0.5951981984579586,0.388677289689482,0.15826541904647565,7,6,315,0.5426980635477918,4.229318791183682,0.522613644455269,COMPLETE
7,0.8215619698686442,2026-04-12 23:10:37.209340,2026-04-12 23:10:37.611248,0 days 00:00:00.401908,0.44473038620786254,0.9868869366005173,0.023200867504756827,5,5,906,1.5444895385933148,1.3942205669037757,0.9010984903770198,COMPLETE
8,0.8195933391185941,2026-04-12 23:10:37.611248,2026-04-12 23:10:37.766901,0 days 00:00:00.155653,0.44442679104045424,0.3584657285442726,0.11506408247250169,3,22,1119,0.23173811905025943,4.383965416440171,0.8856351733429728,COMPLETE
9,0.817588392594361,2026-04-12 23:10:37.766901,2026-04-12 23:10:38.116909,0 days 00:00:00.350008,0.8377637070028385,0.6375574713552131,0.026946865572417687,7,10,282,1.774425485152653,2.6249671632287717,0.6625916610133735,COMPLETE
10,0.817213550646926,2026-04-12 23:10:38.116909,2026-04-12 23:10:38.308848,0 days 00:00:00.191939,0.8141482441414871,0.9730835714873474,0.07008140236396197,9,28,532,1.1998312736251522,3.4608298323696647,0.7595720016297407,COMPLETE
11,0.8225466010330102,2026-04-12 23:10:38.308848,2026-04-12 23:10:38.522296,0 days 00:00:00.213448,0.9747857049445863,0.7546466097724526,0.0489694010069944,9,18,654,1.9818684269908782,4.993624434697874,0.7518138484340006,COMPLETE
12,0.8232290217983066,2026-04-12 23:10:38.522296,2026-04-12 23:10:38.770006,0 days 00:00:00.247710,0.9524782189031515,0.8071591762056871,0.04722159118758402,8,13,685,1.18443834565114,4.034471984960165,0.6815347002837151,COMPLETE
13,0.8156061829026597,2026-04-12 23:10:38.770006,2026-04-12 23:10:38.959085,0 days 00:00:00.189079,0.7958136714455292,0.8275959126120492,0.0703057891855127,8,12,571,1.189790602418332,3.843371390767747,0.7035742381932686,COMPLETE
14,0.8217043908613091,2026-04-12 23:10:38.959085,2026-04-12 23:10:39.160568,0 days 00:00:00.201483,0.8977910670299907,0.6232664685688889,0.04338226905470928,3,1,419,0.880346945723832,2.4106533323978203,0.8155421717694825,COMPLETE
15,0.8152379725313801,2026-04-12 23:10:39.160568,2026-04-12 23:10:39.403338,0 days 00:00:00.242770,0.7148967450430752,0.8706480748977843,0.07679242710261669,8,23,722,1.3410902852097726,3.76779835533773,0.675760829066606,COMPLETE
16,0.8244871265317362,2026-04-12 23:10:39.403338,2026-04-12 23:10:39.633748,0 days 00:00:00.230410,0.5842428412925791,0.636287802064534,0.03876064659645059,6,30,202,0.8657590481884794,0.5593064647141559,0.5035640893636597,COMPLETE
17,0.8207844965117909,2026-04-12 23:10:39.633748,2026-04-12 23:10:39.787282,0 days 00:00:00.153534,0.5673941937503812,0.6274198266149676,0.034945428374326744,4,29,223,0.6656483257323365,0.6434172658669481,0.50290425355073,COMPLETE
18,0.8156216565803551,2026-04-12 23:10:39.787282,2026-04-12 23:10:40.018596,0 days 00:00:00.231314,0.4129023191872804,0.5371269289466303,0.10850452018237756,6,26,416,0.18034810589485584,0.6126727241974467,0.5030695099428933,COMPLETE
19,0.8224572326495864,2026-04-12 23:10:40.018596,2026-04-12 23:10:40.653024,0 days 00:00:00.634428,0.6677932050700218,0.25858650608794764,0.017990149181539516,4,21,402,0.9073210715005743,2.2239699082172666,0.8225277071250962,COMPLETE
20,0.8172568137866046,2026-04-12 23:10:40.655078,2026-04-12 23:10:40.983520,0 days 00:00:00.328442,0.5373238983302802,0.6980966400054011,0.03474645289842526,6,29,224,0.39556137349497605,1.902498605479452,0.964051434116436,COMPLETE
21,0.8191910234985164,2026-04-12 23:10:40.983520,2026-04-12 23:10:41.390270,0 days 00:00:00.406750,0.6421790102692003,0.8820061431824576,0.04838659692259808,8,9,523,0.9826003947298735,4.955532582544006,0.6226452857748592,COMPLETE
22,0.8188092341855856,2026-04-12 23:10:41.390270,2026-04-12 23:10:41.616941,0 days 00:00:00.226671,0.9106079302233675,0.887884848929736,0.06328909064791773,6,14,741,0.7522900575317862,3.917526667198005,0.5515733986952771,COMPLETE
23,0.8155957618544161,2026-04-12 23:10:41.616941,2026-04-12 23:10:41.788436,0 days 00:00:00.171495,0.7616745136227101,0.7251615496994137,0.09375261199302208,5,20,1318,1.2095003385482788,3.1395943476176233,0.7051984933566552,COMPLETE
24,0.8209581806491871,2026-04-12 23:10:41.788436,2026-04-12 23:10:42.041360,0 days 00:00:00.252924,0.4962331573002921,0.5564826257956864,0.03712247915408484,6,15,381,1.4481938012679865,3.4348720937980617,0.5503705775155242,COMPLETE
25,0.8199855494797686,2026-04-12 23:10:42.043370,2026-04-12 23:10:42.235334,0 days 00:00:00.191964,0.5726111934192712,0.929192250636494,0.053820360640595456,8,11,617,0.041985633355400065,0.9029690104693154,0.6167631184998169,COMPLETE
26,0.8214463909699408,2026-04-12 23:10:42.235334,2026-04-12 23:10:42.664940,0 days 00:00:00.429606,0.7345105909436844,0.8124197626676879,0.031072739957050212,7,25,756,1.0974987103672538,4.589635907059212,0.7148898204738637,COMPLETE
27,0.8208242859687217,2026-04-12 23:10:42.664940,2026-04-12 23:10:42.862230,0 days 00:00:00.197290,0.8893612491299094,0.6871166644514545,0.018646722805628593,4,19,204,0.8576168441790984,4.180935687746261,0.5295716509674251,COMPLETE
28,0.8152035514932416,2026-04-12 23:10:42.862230,2026-04-12 23:10:43.199502,0 days 00:00:00.337272,0.452196454128812,0.8010213748290923,0.057769392359128036,9,7,479,0.4215420743742465,2.9009227295586606,0.6288156465306467,COMPLETE
29,0.8142849203010862,2026-04-12 23:10:43.199502,2026-04-12 23:10:43.328866,0 days 00:00:00.129364,0.40218171356348953,0.9303629584806129,0.18505995430619274,5,17,1258,1.6796769123632265,3.423622470348752,0.5822753924148858,COMPLETE
30,0.8209262859257744,2026-04-12 23:10:43.328866,2026-04-12 23:10:43.546386,0 days 00:00:00.217520,0.5324188662188691,0.5622568956465666,0.0856989832304259,5,13,336,1.0336149230869658,1.0446639316267907,0.7856856163905416,COMPLETE
31,0.8215651277620516,2026-04-12 23:10:43.546386,2026-04-12 23:10:43.731401,0 days 00:00:00.185015,0.9989701516996019,0.7698676911764295,0.041695938670274435,7,16,830,1.920132886270765,4.701190312626825,0.5862148576157105,COMPLETE
32,0.8232492323161127,2026-04-12 23:10:43.731401,2026-04-12 23:10:44.032657,0 days 00:00:00.301256,0.9454512539048953,0.8470729167681071,0.027192645960106964,7,16,926,1.3725921593170753,4.072549476907224,0.5852867694308845,COMPLETE
33,0.8231052323767443,2026-04-12 23:10:44.032657,2026-04-12 23:10:44.259292,0 days 00:00:00.226635,0.9192751397023959,0.8469238163284561,0.03112907745793194,8,8,1000,1.3631421833801711,4.054501919319198,0.6655721440167188,COMPLETE
34,0.821523759358417,2026-04-12 23:10:44.259292,2026-04-12 23:10:44.585298,0 days 00:00:00.326006,0.9556288251496621,0.9284978085745863,0.019984313017813338,7,23,1043,1.6020612394202773,3.68789967042152,0.5484115546855832,COMPLETE
35,0.8222860748269158,2026-04-12 23:10:44.585298,2026-04-12 23:10:45.115380,0 days 00:00:00.530082,0.8629455032107601,0.43991233789471434,0.014832504685203456,6,26,1210,1.351796070986214,2.961424706169589,0.5914247315854858,COMPLETE
36,0.8202419704244335,2026-04-12 23:10:45.115380,2026-04-12 23:10:45.344656,0 days 00:00:00.229276,0.9428514652439357,0.6530717204742253,0.027978978302139156,7,3,1474,1.4757342448995598,4.399170226852949,0.633798377676779,COMPLETE
37,0.8189788130615523,2026-04-12 23:10:45.344656,2026-04-12 23:10:45.622177,0 days 00:00:00.277521,0.624350389355426,0.10656382535304149,0.03972157672084009,6,15,879,1.6872818682975081,3.584659600897851,0.5642172125113806,COMPLETE
38,0.8224003905682565,2026-04-12 23:10:45.622177,2026-04-12 23:10:45.946268,0 days 00:00:00.324091,0.4827162538840183,0.9962016712459699,0.0228846534807657,8,12,1360,0.7581750543572487,3.200271663087956,0.5273283487061755,COMPLETE
39,0.8206515491993478,2026-04-12 23:10:45.946268,2026-04-12 23:10:46.124846,0 days 00:00:00.178578,0.6628866777937178,0.7407621438154499,0.14352955887444463,7,19,946,1.12743875955959,4.165394669960826,0.6883639107345911,COMPLETE
40,0.819479339166594,2026-04-12 23:10:46.124846,2026-04-12 23:10:46.390726,0 days 00:00:00.265880,0.8531894911171174,0.47302031765515606,0.05477512130344722,7,30,813,0.568770518480165,1.851955134464565,0.6481762809544925,COMPLETE
41,0.8225544957665282,2026-04-12 23:10:46.390726,2026-04-12 23:10:46.705329,0 days 00:00:00.314603,0.9300397016696927,0.8389814997691126,0.030302109439276595,8,8,984,1.3455601907520212,4.056056666197213,0.6038340555220056,COMPLETE
42,0.8177816556708818,2026-04-12 23:10:46.705329,2026-04-12 23:10:47.220274,0 days 00:00:00.514945,0.9645925076536189,0.8643774108009324,0.03391318152376144,9,5,1074,1.2878775253584607,4.724245863695506,0.7347226967189245,COMPLETE
43,0.8197859706164334,2026-04-12 23:10:47.220274,2026-04-12 23:10:47.700156,0 days 00:00:00.479882,0.9234301819448413,0.9485744830969534,0.023923731974223258,8,11,1178,1.471294562018552,4.016446491043125,0.6500633748683453,COMPLETE
44,0.818491550108821,2026-04-12 23:10:47.700156,2026-04-12 23:10:48.351900,0 days 00:00:00.651744,0.7857802659823666,0.7836386768876704,0.010580156758152362,7,9,274,0.9916710542696678,4.412758222750931,0.6745244348887496,COMPLETE
45,0.8201279704724335,2026-04-12 23:10:48.351900,2026-04-12 23:10:48.807509,0 days 00:00:00.455609,0.8733609242954973,0.8835561014028765,0.045969463016876426,8,17,331,1.828190569879053,1.3214255076462627,0.6627383328643943,COMPLETE
46,0.8166359719427485,2026-04-12 23:10:48.807509,2026-04-12 23:10:49.239445,0 days 00:00:00.431936,0.8188029494174898,0.8291332270181252,0.06321725588663614,9,13,1009,1.5295431313240073,4.277216191538971,0.5715109834880407,COMPLETE
47,0.8249709158017198,2026-04-12 23:10:49.239445,2026-04-12 23:10:49.477043,0 days 00:00:00.237598,0.9923188318130443,0.6699654899476388,0.029349207084068272,6,2,929,1.2797950238739673,2.700549443162466,0.5999908058382399,COMPLETE
48,0.824242389792678,2026-04-12 23:10:49.477043,2026-04-12 23:10:49.716928,0 days 00:00:00.239885,0.9750403287748803,0.6855449942956011,0.026296044940068396,6,2,678,1.2459797359116798,2.5168968257663025,0.525439952869885,COMPLETE
49,0.8206853386588048,2026-04-12 23:10:49.716928,2026-04-12 23:10:49.891052,0 days 00:00:00.174124,0.9983853070972604,0.5988514856632234,0.014176049535680394,6,1,800,1.619866000496729,2.5778932873926537,0.5133784030751057,COMPLETE
50,0.823332284912722,2026-04-12 23:10:49.891052,2026-04-12 23:10:50.198358,0 days 00:00:00.307306,0.9742887241908834,0.6831075756249142,0.021154060872546725,6,3,924,1.9884504093503996,2.329928928687176,0.5348333108785572,COMPLETE
51,0.8249074421442348,2026-04-12 23:10:50.198358,2026-04-12 23:10:50.548796,0 days 00:00:00.350438,0.9756097977623434,0.6713796194130476,0.020745302899996855,6,3,868,1.9497995100415881,2.0058077805247487,0.531093649939444,COMPLETE
52,0.8252693367287003,2026-04-12 23:10:50.548796,2026-04-12 23:10:51.026920,0 days 00:00:00.478124,0.9795229449419559,0.6747675752377367,0.021108093049244003,6,3,655,1.9636363806691883,2.2691442033797005,0.5351504662558814,COMPLETE
53,0.8206682860344059,2026-04-12 23:10:51.026920,2026-04-12 23:10:51.325637,0 days 00:00:00.298717,0.9844987214759622,0.5899092169682965,0.015633841979165106,5,3,638,1.8868667462757622,2.006300188553298,0.5134332983496556,COMPLETE
54,0.8206862860268269,2026-04-12 23:10:51.325637,2026-04-12 23:10:51.750385,0 days 00:00:00.424748,0.8969269327375367,0.5131981087154158,0.016695256708058645,6,2,697,1.777728391042606,2.6214441907233836,0.5341503889048508,COMPLETE
55,0.8224003905682566,2026-04-12 23:10:51.750385,2026-04-12 23:10:51.892616,0 days 00:00:00.142231,0.6004113179412404,0.33698162902593576,0.012554280876873339,5,5,483,1.9318257377479264,1.652340611340073,0.5011710443870698,COMPLETE
56,0.8217454434756027,2026-04-12 23:10:51.892616,2026-04-12 23:10:52.255120,0 days 00:00:00.362504,0.46695096318845564,0.6648730533457377,0.02177467834801121,6,4,603,1.8220737281573243,2.095672707683521,0.5515844994096805,COMPLETE
57,0.8220549170295087,2026-04-12 23:10:52.255120,2026-04-12 23:10:52.570309,0 days 00:00:00.315189,0.9793939244680775,0.7023931092221448,0.012090199188038362,6,1,781,1.7081429242397974,2.759848631708421,0.5991479341966756,COMPLETE
58,0.8209553385451207,2026-04-12 23:10:52.570309,2026-04-12 23:10:52.874611,0 days 00:00:00.304302,0.4278019634056707,0.6118374150926713,0.025264828561962462,5,5,864,0.8172409140087359,2.445066338022563,0.5680063591084428,COMPLETE
59,0.8191379708892754,2026-04-12 23:10:52.874611,2026-04-12 23:10:53.180536,0 days 00:00:00.305925,0.6904110680083577,0.7231470071567767,0.01872678866378146,6,2,257,1.751679085572641,1.646011239174448,0.5466917832628793,COMPLETE
60,0.822273443253287,2026-04-12 23:10:53.180536,2026-04-12 23:10:53.498235,0 days 00:00:00.317699,0.5222207615629408,0.4179233474764838,0.03755347659331755,6,4,564,1.9953958332038892,3.0664407262887092,0.999268232787737,COMPLETE
61,0.8200815494393476,2026-04-12 23:10:53.498235,2026-04-12 23:10:53.684600,0 days 00:00:00.186365,0.9694442801258072,0.6544456847696698,0.02849806425373146,6,6,942,1.9924506263349704,2.2290187630605467,0.5342322603234305,COMPLETE
62,0.8198147074464389,2026-04-12 23:10:53.684600,2026-04-12 23:10:54.074829,0 days 00:00:00.390229,0.5593904161010425,0.6792413569551448,0.02124280792290381,6,3,1113,1.8865962237012237,2.2961894422113116,0.5183559762572864,COMPLETE
63,0.8219166012982733,2026-04-12 23:10:54.074829,2026-04-12 23:10:54.327131,0 days 00:00:00.252302,0.9421112293850207,0.5144417879521415,0.017102330385897455,5,2,880,1.849354610231907,2.4692462099274444,0.5372118218668455,COMPLETE
64,0.8242098634905838,2026-04-12 23:10:54.327131,2026-04-12 23:10:54.639493,0 days 00:00:00.312362,0.9904947942640805,0.5578781625209408,0.02466793116911449,6,6,471,1.9386980885610627,2.7429030214375056,0.5709597794032387,COMPLETE
65,0.8226814430814976,2026-04-12 23:10:54.639493,2026-04-12 23:10:54.811151,0 days 00:00:00.171658,0.9998124035994529,0.572088290195595,0.025449620860680457,6,6,444,0.9309231888111942,2.7241633440973265,0.616667380585387,COMPLETE
66,0.8233060743974424,2026-04-12 23:10:54.811151,2026-04-12 23:10:55.016933,0 days 00:00:00.205782,0.9051896917581601,0.6133570744641896,0.01974947335303264,5,4,303,1.2421934194314082,2.7886226647548766,0.5667177886370506,COMPLETE
67,0.8238612320584285,2026-04-12 23:10:55.016933,2026-04-12 23:10:55.368507,0 days 00:00:00.351574,0.9583278051973753,0.5403792487773229,0.03374102712796248,6,1,384,0.6934496145001325,0.7926806202622635,0.8674512368033642,COMPLETE
68,0.8248695474233486,2026-04-12 23:10:55.368507,2026-04-12 23:10:55.600321,0 days 00:00:00.231814,0.9586174026968789,0.5370749592868426,0.0344255920477207,6,1,665,0.4766485839543153,0.5010015663455756,0.8406301268065581,COMPLETE
69,0.8222535485248217,2026-04-12 23:10:55.600321,2026-04-12 23:10:55.910453,0 days 00:00:00.310132,0.9325218687961038,0.48931761193337603,0.03192520120685037,5,2,682,0.4913466555502858,1.1307632641872378,0.8078030501539732,COMPLETE
70,0.8154504987576847,2026-04-12 23:10:55.910453,2026-04-12 23:10:56.116337,0 days 00:00:00.205884,0.986707082414109,0.6333383875989548,0.02436486087342217,6,7,534,0.33704908524295185,0.7471264849810622,0.8982153738896335,COMPLETE
71,0.8252052314925341,2026-04-12 23:10:56.116337,2026-04-12 23:10:56.607951,0 days 00:00:00.491614,0.9624375763607733,0.5290840282423229,0.0349252878602665,6,1,373,0.6731843478417541,0.5573352742905936,0.9280493534262919,COMPLETE
72,0.8231987060215974,2026-04-12 23:10:56.609954,2026-04-12 23:10:57.173072,0 days 00:00:00.563118,0.9537183804545778,0.5764901139487435,0.03872704778218328,7,1,743,0.6204120731438231,0.555181549617775,0.9374910336068961,COMPLETE
73,0.8239682846449329,2026-04-12 23:10:57.173072,2026-04-12 23:10:57.471730,0 days 00:00:00.298658,0.8834354463495748,0.7124211950129085,0.02943520071709145,6,4,580,0.4949684101941139,0.9794336400162045,0.8440683441502022,COMPLETE
74,0.8196587075121231,2026-04-12 23:10:57.471730,2026-04-12 23:10:57.734434,0 days 00:00:00.262704,0.916766445618626,0.7525174176189473,0.027044753698096925,6,2,662,0.7932587633119688,0.5242462191484994,0.9531410030278237,COMPLETE
75,0.8208653385830154,2026-04-12 23:10:57.734434,2026-04-12 23:10:58.066236,0 days 00:00:00.331802,0.9652769053287916,0.5481071712669711,0.0339418959757864,6,3,488,0.6742537798531338,0.7100927466942709,0.9209446062249185,COMPLETE
76,0.8268918623613211,2026-04-12 23:10:58.066236,2026-04-12 23:10:58.366165,0 days 00:00:00.299929,0.9850990000157765,0.6357470260974704,0.04324269224375538,5,1,360,1.0986309692970504,1.2206187760510445,0.7658914267906454,COMPLETE
77,0.8214827067441236,2026-04-12 23:10:58.366165,2026-04-12 23:10:58.581135,0 days 00:00:00.214970,0.9367255373620871,0.6408167202133771,0.04362896791415102,4,1,355,1.0626159247405618,1.4848607611065958,0.8711058909550182,COMPLETE
78,0.8264203888756257,2026-04-12 23:10:58.581135,2026-04-12 23:10:58.960541,0 days 00:00:00.379406,0.975099571419877,0.6681151754917518,0.0366276234228467,4,2,718,1.1484946483552292,1.1675940990388285,0.7662592618842912,COMPLETE
79,0.8184438659183721,2026-04-12 23:10:58.960541,2026-04-12 23:10:59.174468,0 days 00:00:00.213927,0.9491123867599536,0.5209570323870402,0.04920129149655054,3,4,837,1.1297075966535446,0.8913956131470016,0.7911710721047738,COMPLETE
80,0.8226021799569769,2026-04-12 23:10:59.176477,2026-04-12 23:10:59.427514,0 days 00:00:00.251037,0.9030531773753232,0.4857307640443807,0.04068345188671833,4,1,233,0.9423325954522925,1.1367453042751452,0.7715895849316485,COMPLETE
81,0.8260957574333653,2026-04-12 23:10:59.428514,2026-04-12 23:10:59.776955,0 days 00:00:00.348441,0.9691639688226098,0.6557236574013395,0.03610565664907951,5,2,709,1.1610617850409994,1.3548567475821425,0.7379870890145757,COMPLETE
82,0.8213920752033367,2026-04-12 23:10:59.776955,2026-04-12 23:11:00.103349,0 days 00:00:00.326394,0.9622995305933616,0.626047220457523,0.035658240853416685,3,3,714,1.0378478003308003,1.3035790996392613,0.7346050959027492,COMPLETE
83,0.8262429152661409,2026-04-12 23:11:00.103349,2026-04-12 23:11:00.526944,0 days 00:00:00.423595,0.9807979895874599,0.7263746502757248,0.041638266054160065,4,2,720,1.1569750085867199,1.5138832842907928,0.847357622020176,COMPLETE
84,0.8259621785422406,2026-04-12 23:11:00.526944,2026-04-12 23:11:00.892322,0 days 00:00:00.365378,0.9762571023508311,0.7461304704164019,0.05194116630569791,4,2,769,1.1519807669303597,1.474189284566142,0.8305781957669519,COMPLETE
85,0.8242158634880574,2026-04-12 23:11:00.892322,2026-04-12 23:11:01.145482,0 days 00:00:00.253160,0.9853166933347586,0.7876860984163957,0.048815256416034854,4,2,765,1.1812392080080012,1.5088319590494712,0.763348868392128,COMPLETE
86,0.8234519690728551,2026-04-12 23:11:01.146484,2026-04-12 23:11:01.386630,0 days 00:00:00.240146,0.9259387187101729,0.7408300004033221,0.0448111942445124,4,3,792,1.4095692570627274,1.2143938324953933,0.7931643885772284,COMPLETE
87,0.8260856521744623,2026-04-12 23:11:01.386630,2026-04-12 23:11:01.628607,0 days 00:00:00.241977,0.9990884193485801,0.7684650428141224,0.05289647686806437,4,5,722,1.1019351272358304,1.8097371481692521,0.7367219614427671,COMPLETE
88,0.8262564942077919,2026-04-12 23:11:01.628607,2026-04-12 23:11:01.881393,0 days 00:00:00.252786,0.996133353839102,0.7148758916686482,0.06980682006779362,4,4,729,1.2942967096857851,1.5281613770038012,0.7417534545405758,COMPLETE
89,0.8247514422099191,2026-04-12 23:11:01.881393,2026-04-12 23:11:02.132326,0 days 00:00:00.250933,0.9471560829053401,0.7587967420399659,0.06681232230496749,4,5,721,1.1436306793017597,1.8410387515015803,0.7399320907741691,COMPLETE
90,0.822575969441697,2026-04-12 23:11:02.132326,2026-04-12 23:11:02.265997,0 days 00:00:00.133671,0.9994614888479472,0.8080789859117852,0.05645132555011576,4,4,597,1.0658592482528593,1.760582327394605,0.7094661178337859,COMPLETE
91,0.8223306011239575,2026-04-12 23:11:02.265997,2026-04-12 23:11:02.493239,0 days 00:00:00.227242,0.9781861843295875,0.736803972192503,0.07357666613482827,3,2,629,1.2780570109590825,1.5083642425283894,0.6928954535561491,COMPLETE
92,0.826737441373709,2026-04-12 23:11:02.493239,2026-04-12 23:11:02.850019,0 days 00:00:00.356780,0.992323232762534,0.7152910331401583,0.05241225506274549,4,7,731,1.3073267487241096,1.4174438875846436,0.7255168836340173,COMPLETE
